[2013-10-17 16:29:30] EDIT schoolApp/models/db.py: 0
[2013-10-17 16:29:30] EDIT schoolApp/models/db.py: 0
[2013-10-17 16:29:30] EDIT schoolApp/models/db.py: 0
[2013-10-17 16:29:30] EDIT schoolApp/models/db.py: 0
[2013-10-17 16:29:31] EDIT schoolApp/models/db.py: 0
[2013-10-17 16:29:31] EDIT schoolApp/models/db.py: 0
[2013-10-17 16:29:31] EDIT schoolApp/models/db.py: 0
[2013-10-17 16:29:31] EDIT schoolApp/models/db.py: 0
[2013-10-17 16:29:31] EDIT schoolApp/models/db.py: 0
[2013-10-17 16:29:32] EDIT schoolApp/models/db.py: 0
[2013-10-17 16:29:32] EDIT schoolApp/models/db.py: 0
[2013-10-17 16:29:32] EDIT schoolApp/models/db.py: 0
[2013-10-17 16:29:32] EDIT schoolApp/models/db.py: 0
[2013-10-17 16:29:32] EDIT schoolApp/models/db.py: 0
[2013-10-17 16:29:32] EDIT schoolApp/models/db.py: 0
[2013-10-17 16:29:32] EDIT schoolApp/models/db.py: 0
[2013-10-17 16:29:32] EDIT schoolApp/models/db.py: 0
[2013-10-17 16:29:32] EDIT schoolApp/models/db.py: 0
[2013-10-17 16:29:32] EDIT schoolApp/models/db.py: 0
[2013-10-17 16:34:09] EDIT schoolApp/models/db.py: 1
[2013-10-17 16:34:09] EDIT schoolApp/models/db.py: 0
[2013-10-17 16:34:09] EDIT schoolApp/models/db.py: 0
[2013-10-17 16:34:10] EDIT schoolApp/models/db.py: 0
[2013-10-17 16:34:10] EDIT schoolApp/models/db.py: 0
[2013-10-17 16:35:21] EDIT schoolApp/models/db.py: 0
[2013-10-17 16:35:21] EDIT schoolApp/models/db.py: 0
[2013-10-17 16:35:21] EDIT schoolApp/models/db.py: 0
[2013-10-17 16:35:21] EDIT schoolApp/models/db.py: 0
[2013-10-17 16:35:22] EDIT schoolApp/models/db.py: 0
[2013-10-17 16:35:22] EDIT schoolApp/models/db.py: 0
[2013-10-17 16:35:22] EDIT schoolApp/models/db.py: 0
[2013-10-17 16:35:22] EDIT schoolApp/models/db.py: 0
[2013-10-17 16:35:23] EDIT schoolApp/models/db.py: 0
[2013-10-17 16:35:23] EDIT schoolApp/models/db.py: 0
[2013-10-17 16:35:23] EDIT schoolApp/models/db.py: 0
[2013-10-17 16:35:23] EDIT schoolApp/models/db.py: 0
[2013-10-17 16:35:23] EDIT schoolApp/models/db.py: 0
[2013-10-17 16:35:24] EDIT schoolApp/models/db.py: 0
[2013-10-17 16:35:24] EDIT schoolApp/models/db.py: 0
[2013-10-17 16:35:24] EDIT schoolApp/models/db.py: 0
[2013-10-17 16:52:51] EDIT schoolApp/controllers/school.py: 2
[2013-10-17 16:52:56] EDIT schoolApp/controllers/school.py: 0
[2013-10-17 16:52:56] EDIT schoolApp/controllers/school.py: 0
[2013-10-17 16:52:56] EDIT schoolApp/controllers/school.py: 0
[2013-10-17 16:52:57] EDIT schoolApp/controllers/school.py: 0
[2013-10-17 16:52:57] EDIT schoolApp/controllers/school.py: 0
[2013-10-17 16:52:57] EDIT schoolApp/controllers/school.py: 0
[2013-10-17 16:52:57] EDIT schoolApp/controllers/school.py: 0
[2013-10-17 16:52:57] EDIT schoolApp/controllers/school.py: 0
[2013-10-17 16:52:58] EDIT schoolApp/controllers/school.py: 0
[2013-10-17 16:52:58] EDIT schoolApp/controllers/school.py: 0
[2013-10-17 16:52:58] EDIT schoolApp/controllers/school.py: 0
[2013-10-17 16:52:58] EDIT schoolApp/controllers/school.py: 0
[2013-10-17 16:52:58] EDIT schoolApp/controllers/school.py: 0
[2013-10-17 16:52:58] EDIT schoolApp/controllers/school.py: 0
[2013-10-17 16:52:58] EDIT schoolApp/controllers/school.py: 0
[2013-10-17 16:52:58] EDIT schoolApp/controllers/school.py: 0
[2013-10-17 16:52:58] EDIT schoolApp/controllers/school.py: 0
[2013-10-17 16:52:58] EDIT schoolApp/controllers/school.py: 0
[2013-10-17 16:52:58] EDIT schoolApp/controllers/school.py: 0
[2013-10-17 16:52:58] EDIT schoolApp/controllers/school.py: 0
[2013-10-17 16:52:59] EDIT schoolApp/controllers/school.py: 0
[2013-10-17 16:52:59] EDIT schoolApp/controllers/school.py: 0
[2013-10-17 16:52:59] EDIT schoolApp/controllers/school.py: 0
[2013-10-17 16:52:59] EDIT schoolApp/controllers/school.py: 0
[2013-10-17 16:52:59] EDIT schoolApp/controllers/school.py: 0
[2013-10-17 16:52:59] EDIT schoolApp/controllers/school.py: 0
[2013-10-17 16:53:01] EDIT schoolApp/controllers/school.py: 0
[2013-10-17 16:53:01] EDIT schoolApp/controllers/school.py: 0
[2013-10-17 16:53:01] EDIT schoolApp/controllers/school.py: 0
[2013-10-17 16:53:01] EDIT schoolApp/controllers/school.py: 0
[2013-10-17 16:53:02] EDIT schoolApp/controllers/school.py: 0
[2013-10-17 16:53:02] EDIT schoolApp/controllers/school.py: 0
[2013-10-17 16:53:23] EDIT schoolApp/controllers/school.py: 2
[2013-10-17 16:53:23] EDIT schoolApp/controllers/school.py: 0
[2013-10-17 16:53:23] EDIT schoolApp/controllers/school.py: 0
[2013-10-17 16:53:23] EDIT schoolApp/controllers/school.py: 0
[2013-10-17 16:53:24] EDIT schoolApp/controllers/school.py: 0
[2013-10-17 16:53:24] EDIT schoolApp/controllers/school.py: 0
[2013-10-17 16:53:24] EDIT schoolApp/controllers/school.py: 0
[2013-10-17 16:53:24] EDIT schoolApp/controllers/school.py: 0
[2013-10-17 16:53:24] EDIT schoolApp/controllers/school.py: 0
[2013-10-17 16:53:25] EDIT schoolApp/controllers/school.py: 0
[2013-10-17 16:53:25] EDIT schoolApp/controllers/school.py: 0
[2013-10-17 16:53:25] EDIT schoolApp/controllers/school.py: 0
[2013-10-17 16:53:37] EDIT schoolApp/controllers/school.py: 0
[2013-10-17 16:53:37] EDIT schoolApp/controllers/school.py: 0
[2013-10-17 16:53:37] EDIT schoolApp/controllers/school.py: 0
[2013-10-17 16:53:38] EDIT schoolApp/controllers/school.py: 0
[2013-10-17 16:53:38] EDIT schoolApp/controllers/school.py: 0
[2013-10-17 16:53:38] EDIT schoolApp/controllers/school.py: 0
[2013-10-17 16:53:38] EDIT schoolApp/controllers/school.py: 0
[2013-10-17 16:53:38] EDIT schoolApp/controllers/school.py: 0
[2013-10-17 16:53:39] EDIT schoolApp/controllers/school.py: 0
[2013-10-17 16:53:39] EDIT schoolApp/controllers/school.py: 0
[2013-10-17 16:53:39] EDIT schoolApp/controllers/school.py: 0
[2013-10-17 16:53:39] EDIT schoolApp/controllers/school.py: 0
[2013-10-17 16:53:39] EDIT schoolApp/controllers/school.py: 0
[2013-10-17 16:53:40] EDIT schoolApp/controllers/school.py: 0
[2013-10-17 16:54:18] EDIT schoolApp/controllers/school.py: 1
[2013-10-17 16:54:18] EDIT schoolApp/controllers/school.py: 0
[2013-10-17 16:54:19] EDIT schoolApp/controllers/school.py: 0
[2013-10-17 16:54:37] EDIT schoolApp/controllers/school.py: 0
[2013-10-17 16:54:38] EDIT schoolApp/controllers/school.py: 0
[2013-10-17 16:54:38] EDIT schoolApp/controllers/school.py: 0
[2013-10-17 16:56:47] EDIT schoolApp/controllers/school.py: 0
[2013-10-17 16:56:47] EDIT schoolApp/controllers/school.py: 0
[2013-10-17 16:56:47] EDIT schoolApp/controllers/school.py: 0
[2013-10-17 16:57:37] EDIT schoolApp/controllers/school.py: 0
[2013-10-17 16:57:37] EDIT schoolApp/controllers/school.py: 0
[2013-10-17 16:57:38] EDIT schoolApp/controllers/school.py: 0
[2013-10-17 16:58:14] EDIT schoolApp/controllers/school.py: 2
[2013-10-17 17:02:51] EDIT schoolApp/controllers/school.py: 0
[2013-10-17 17:02:52] EDIT schoolApp/controllers/school.py: 0
[2013-10-17 17:02:52] EDIT schoolApp/controllers/school.py: 0
[2013-10-17 17:02:52] EDIT schoolApp/controllers/school.py: 0
[2013-10-17 17:02:52] EDIT schoolApp/controllers/school.py: 0
[2013-10-17 17:02:53] EDIT schoolApp/controllers/school.py: 0
[2013-10-17 17:02:53] EDIT schoolApp/controllers/school.py: 0
[2013-10-17 17:02:53] EDIT schoolApp/controllers/school.py: 0
[2013-10-17 17:02:53] EDIT schoolApp/controllers/school.py: 0
[2013-10-17 17:02:53] EDIT schoolApp/controllers/school.py: 0
[2013-10-17 17:02:54] EDIT schoolApp/controllers/school.py: 0
[2013-10-17 17:02:54] EDIT schoolApp/controllers/school.py: 0
[2013-10-17 17:02:54] EDIT schoolApp/controllers/school.py: 0
[2013-10-17 17:02:54] EDIT schoolApp/controllers/school.py: 0
[2013-10-17 17:02:55] EDIT schoolApp/controllers/school.py: 0
[2013-10-17 17:02:55] EDIT schoolApp/controllers/school.py: 0
[2013-10-17 17:02:55] EDIT schoolApp/controllers/school.py: 0
[2013-10-17 17:02:55] EDIT schoolApp/controllers/school.py: 0
[2013-10-17 17:02:55] EDIT schoolApp/controllers/school.py: 0
[2013-10-17 17:02:55] EDIT schoolApp/controllers/school.py: 0
[2013-10-17 17:02:55] EDIT schoolApp/controllers/school.py: 0
[2013-10-17 17:02:55] EDIT schoolApp/controllers/school.py: 0
[2013-10-17 17:02:55] EDIT schoolApp/controllers/school.py: 0
[2013-10-17 17:02:55] EDIT schoolApp/controllers/school.py: 0
[2013-10-17 17:02:55] EDIT schoolApp/controllers/school.py: 0
[2013-10-17 17:02:55] EDIT schoolApp/controllers/school.py: 0
[2013-10-17 17:02:55] EDIT schoolApp/controllers/school.py: 0
[2013-10-17 17:02:55] EDIT schoolApp/controllers/school.py: 0
[2013-10-17 17:02:56] EDIT schoolApp/controllers/school.py: 0
[2013-10-17 17:02:56] EDIT schoolApp/controllers/school.py: 0
[2013-10-17 17:02:56] EDIT schoolApp/controllers/school.py: 0
[2013-10-17 17:02:56] EDIT schoolApp/controllers/school.py: 0
[2013-10-17 17:02:56] EDIT schoolApp/controllers/school.py: 0
[2013-10-17 17:02:56] EDIT schoolApp/controllers/school.py: 0
[2013-10-17 17:02:57] EDIT schoolApp/controllers/school.py: 0
[2013-10-17 17:02:57] EDIT schoolApp/controllers/school.py: 0
[2013-10-17 17:02:57] EDIT schoolApp/controllers/school.py: 0
[2013-10-17 17:02:57] EDIT schoolApp/controllers/school.py: 0
[2013-10-17 17:02:57] EDIT schoolApp/controllers/school.py: 0
[2013-10-17 17:02:57] EDIT schoolApp/controllers/school.py: 0
[2013-10-17 17:02:57] EDIT schoolApp/controllers/school.py: 0
[2013-10-17 17:02:57] EDIT schoolApp/controllers/school.py: 0
[2013-10-17 17:02:57] EDIT schoolApp/controllers/school.py: 0
[2013-10-17 17:02:58] EDIT schoolApp/controllers/school.py: 0
[2013-10-17 17:02:58] EDIT schoolApp/controllers/school.py: 0
[2013-10-17 17:02:58] EDIT schoolApp/controllers/school.py: 0
[2013-10-17 17:02:58] EDIT schoolApp/controllers/school.py: 0
[2013-10-17 17:02:58] EDIT schoolApp/controllers/school.py: 0
[2013-10-17 17:02:58] EDIT schoolApp/controllers/school.py: 0
[2013-10-17 17:02:58] EDIT schoolApp/controllers/school.py: 0
[2013-10-17 17:02:58] EDIT schoolApp/controllers/school.py: 0
[2013-10-17 17:02:58] EDIT schoolApp/controllers/school.py: 0
[2013-10-17 17:02:58] EDIT schoolApp/controllers/school.py: 0
[2013-10-17 17:02:58] EDIT schoolApp/controllers/school.py: 0
[2013-10-17 17:02:58] EDIT schoolApp/controllers/school.py: 0
[2013-10-17 17:02:59] EDIT schoolApp/controllers/school.py: 0
[2013-10-17 17:02:59] EDIT schoolApp/controllers/school.py: 0
[2013-10-17 17:02:59] EDIT schoolApp/controllers/school.py: 0
[2013-10-17 17:02:59] EDIT schoolApp/controllers/school.py: 0
[2013-10-17 17:02:59] EDIT schoolApp/controllers/school.py: 0
[2013-10-17 17:02:59] EDIT schoolApp/controllers/school.py: 0
[2013-10-17 17:02:59] EDIT schoolApp/controllers/school.py: 0
[2013-10-17 17:02:59] EDIT schoolApp/controllers/school.py: 0
[2013-10-17 17:02:59] EDIT schoolApp/controllers/school.py: 0
[2013-10-17 17:03:00] EDIT schoolApp/controllers/school.py: 0
[2013-10-17 17:03:00] EDIT schoolApp/controllers/school.py: 0
[2013-10-17 17:03:00] EDIT schoolApp/controllers/school.py: 0
[2013-10-17 17:03:00] EDIT schoolApp/controllers/school.py: 0
[2013-10-17 17:03:00] EDIT schoolApp/controllers/school.py: 0
[2013-10-17 17:03:00] EDIT schoolApp/controllers/school.py: 0
[2013-10-17 17:03:00] EDIT schoolApp/controllers/school.py: 0
[2013-10-17 17:03:00] EDIT schoolApp/controllers/school.py: 0
[2013-10-17 17:03:00] EDIT schoolApp/controllers/school.py: 0
[2013-10-17 17:04:29] EDIT schoolApp/controllers/school.py: 0
[2013-10-17 17:04:29] EDIT schoolApp/controllers/school.py: 0
[2013-10-17 17:04:30] EDIT schoolApp/controllers/school.py: 0
[2013-10-17 17:04:30] EDIT schoolApp/controllers/school.py: 0
[2013-10-17 17:04:30] EDIT schoolApp/controllers/school.py: 0
[2013-10-17 17:04:31] EDIT schoolApp/controllers/school.py: 0
[2013-10-17 17:04:31] EDIT schoolApp/controllers/school.py: 0
[2013-10-17 17:04:31] EDIT schoolApp/controllers/school.py: 0
[2013-10-17 17:04:31] EDIT schoolApp/controllers/school.py: 0
[2013-10-17 17:04:47] EDIT schoolApp/controllers/school.py: 0
[2013-10-17 17:04:47] EDIT schoolApp/controllers/school.py: 0
[2013-10-17 17:05:08] EDIT schoolApp/controllers/school.py: 0
[2013-10-17 17:05:09] EDIT schoolApp/controllers/school.py: 0
[2013-10-17 17:05:09] EDIT schoolApp/controllers/school.py: 0
[2013-10-17 17:05:54] EDIT schoolApp/controllers/school.py: -1
[2013-10-17 17:06:22] EDIT schoolApp/controllers/school.py: 0
[2013-10-17 17:06:56] EDIT schoolApp/controllers/school.py: 0
[2013-10-17 17:06:57] EDIT schoolApp/controllers/school.py: 0
[2013-10-17 17:06:57] EDIT schoolApp/controllers/school.py: 0
[2013-10-17 17:06:57] EDIT schoolApp/controllers/school.py: 0
[2013-10-17 17:06:57] EDIT schoolApp/controllers/school.py: 0
[2013-10-17 17:06:58] EDIT schoolApp/controllers/school.py: 0
[2013-10-17 17:07:14] EDIT schoolApp/controllers/school.py: 0
[2013-10-17 17:07:14] EDIT schoolApp/controllers/school.py: 0
[2013-10-17 17:07:14] EDIT schoolApp/controllers/school.py: 0
[2013-10-17 17:07:15] EDIT schoolApp/controllers/school.py: 0
[2013-10-17 17:07:21] EDIT schoolApp/controllers/school.py: 0
[2013-10-17 17:07:21] EDIT schoolApp/controllers/school.py: 0
[2013-10-17 17:07:22] EDIT schoolApp/controllers/school.py: 0
[2013-10-17 17:07:32] EDIT schoolApp/controllers/school.py: -6
[2013-10-17 17:07:32] EDIT schoolApp/controllers/school.py: 0
[2013-10-17 17:07:33] EDIT schoolApp/controllers/school.py: 0
[2013-10-17 17:07:33] EDIT schoolApp/controllers/school.py: 0
[2013-10-17 17:07:33] EDIT schoolApp/controllers/school.py: 0
[2013-10-17 17:07:33] EDIT schoolApp/controllers/school.py: 0
[2013-10-17 17:07:34] EDIT schoolApp/controllers/school.py: 0
[2013-10-17 17:07:34] EDIT schoolApp/controllers/school.py: 0
[2013-10-17 17:07:34] EDIT schoolApp/controllers/school.py: 0
[2013-10-17 17:07:34] EDIT schoolApp/controllers/school.py: 0
[2013-10-17 17:07:35] EDIT schoolApp/controllers/school.py: 0
[2013-10-17 17:07:35] EDIT schoolApp/controllers/school.py: 0
[2013-10-17 17:07:35] EDIT schoolApp/controllers/school.py: 0
[2013-10-17 17:07:35] EDIT schoolApp/controllers/school.py: 0
[2013-10-17 17:07:35] EDIT schoolApp/controllers/school.py: 0
[2013-10-17 17:07:36] EDIT schoolApp/controllers/school.py: 0
[2013-10-17 17:07:36] EDIT schoolApp/controllers/school.py: 0
[2013-10-17 17:07:36] EDIT schoolApp/controllers/school.py: 0
[2013-10-17 17:07:36] EDIT schoolApp/controllers/school.py: 0
[2013-10-17 17:07:36] EDIT schoolApp/controllers/school.py: 0
[2013-10-17 17:07:37] EDIT schoolApp/controllers/school.py: 0
[2013-10-17 17:07:37] EDIT schoolApp/controllers/school.py: 0
[2013-10-17 17:07:37] EDIT schoolApp/controllers/school.py: 0
[2013-10-17 17:07:37] EDIT schoolApp/controllers/school.py: 0
[2013-10-17 17:07:38] EDIT schoolApp/controllers/school.py: 0
[2013-10-17 17:07:38] EDIT schoolApp/controllers/school.py: 0
[2013-10-17 17:07:38] EDIT schoolApp/controllers/school.py: 0
[2013-10-17 17:07:38] EDIT schoolApp/controllers/school.py: 0
[2013-10-17 17:07:38] EDIT schoolApp/controllers/school.py: 0
[2013-10-17 17:07:38] EDIT schoolApp/controllers/school.py: 0
[2013-10-17 17:07:38] EDIT schoolApp/controllers/school.py: 0
[2013-10-17 17:07:38] EDIT schoolApp/controllers/school.py: 0
[2013-10-17 17:07:38] EDIT schoolApp/controllers/school.py: 0
[2013-10-17 17:07:38] EDIT schoolApp/controllers/school.py: 0
[2013-10-17 17:07:38] EDIT schoolApp/controllers/school.py: 0
[2013-10-17 17:07:38] EDIT schoolApp/controllers/school.py: 0
[2013-10-17 17:07:38] EDIT schoolApp/controllers/school.py: 0
[2013-10-17 17:07:38] EDIT schoolApp/controllers/school.py: 0
[2013-10-17 17:07:38] EDIT schoolApp/controllers/school.py: 0
[2013-10-17 17:07:38] EDIT schoolApp/controllers/school.py: 0
[2013-10-17 17:07:38] EDIT schoolApp/controllers/school.py: 0
[2013-10-17 17:07:39] EDIT schoolApp/controllers/school.py: 0
[2013-10-17 17:07:39] EDIT schoolApp/controllers/school.py: 0
[2013-10-17 17:07:45] EDIT schoolApp/controllers/school.py: 0
[2013-10-17 17:07:46] EDIT schoolApp/controllers/school.py: 0
[2013-10-17 17:07:47] EDIT schoolApp/controllers/school.py: 0
[2013-10-17 17:07:47] EDIT schoolApp/controllers/school.py: 0
[2013-10-17 17:07:47] EDIT schoolApp/controllers/school.py: 0
[2013-10-17 17:07:47] EDIT schoolApp/controllers/school.py: 0
[2013-10-17 17:07:48] EDIT schoolApp/controllers/school.py: 0
[2013-10-17 17:07:48] EDIT schoolApp/controllers/school.py: 0
[2013-10-17 17:07:48] EDIT schoolApp/controllers/school.py: 0
[2013-10-17 17:20:52] EDIT schoolApp/models/school/a.py: -3
[2013-10-17 17:20:53] EDIT schoolApp/models/school/a.py: 0
[2013-10-17 17:20:53] EDIT schoolApp/models/school/a.py: 0
[2013-10-17 19:45:28] DELETE schoolApp/static/sampleData/db_school_bs.csv: -2
[2013-10-17 19:45:38] DELETE schoolApp/static/sampleData/desktop.ini: -4
[2013-10-17 19:45:49] DELETE schoolApp/static/desktop.ini: -4
[2013-10-17 19:47:25] DELETE schoolApp/private/desktop.ini: -4
[2013-10-17 19:47:37] DELETE schoolApp/views/school/desktop.ini: -4
[2013-10-17 19:47:42] DELETE schoolApp/views/desktop.ini: -4
[2013-10-17 19:47:52] DELETE schoolApp/views/school/admin.html.1: -14
[2013-10-17 19:47:58] DELETE schoolApp/views/school/user.html.1: -7
[2013-10-17 19:48:04] DELETE schoolApp/views/default/desktop.ini: -4
[2013-10-17 20:28:39] EDIT schoolApp/views/thumbnail.html: 0
[2013-10-17 20:28:41] EDIT schoolApp/views/thumbnail.html: 0
[2013-10-17 20:32:53] EDIT schoolApp/views/thumbnail.html: 0
[2013-10-17 20:32:53] EDIT schoolApp/views/thumbnail.html: 0
[2013-10-17 20:32:54] EDIT schoolApp/views/thumbnail.html: 0
[2013-10-17 20:32:54] EDIT schoolApp/views/thumbnail.html: 0
[2013-10-17 20:33:32] EDIT schoolApp/views/thumbnail.html: 0
[2013-10-17 21:06:16] EDIT schoolApp/views/thumbnail.html: 0
[2013-10-17 21:07:07] EDIT schoolApp/views/thumbnail.html: 0
[2013-10-17 21:07:07] EDIT schoolApp/views/thumbnail.html: 0
[2013-10-17 21:08:23] EDIT schoolApp/views/thumbnail.html: 0
[2013-10-17 21:08:23] EDIT schoolApp/views/thumbnail.html: 0
[2013-10-17 21:08:27] EDIT schoolApp/views/thumbnail.html: 0
[2013-10-17 21:08:35] EDIT schoolApp/views/thumbnail.html: 0
[2013-10-17 21:08:35] EDIT schoolApp/views/thumbnail.html: 0
[2013-10-17 21:08:35] EDIT schoolApp/views/thumbnail.html: 0
[2013-10-17 21:08:36] EDIT schoolApp/views/thumbnail.html: 0
[2013-10-17 21:08:36] EDIT schoolApp/views/thumbnail.html: 0
[2013-10-17 21:08:36] EDIT schoolApp/views/thumbnail.html: 0
[2013-10-17 21:08:50] EDIT schoolApp/views/thumbnail.html: 0
[2013-10-17 21:08:50] EDIT schoolApp/views/thumbnail.html: 0
[2013-10-17 21:08:51] EDIT schoolApp/views/thumbnail.html: 0
[2013-10-17 21:08:51] EDIT schoolApp/views/thumbnail.html: 0
[2013-10-17 21:08:51] EDIT schoolApp/views/thumbnail.html: 0
[2013-10-17 21:08:51] EDIT schoolApp/views/thumbnail.html: 0
[2013-10-17 21:08:51] EDIT schoolApp/views/thumbnail.html: 0
[2013-10-17 21:08:52] EDIT schoolApp/views/thumbnail.html: 0
[2013-10-17 21:08:52] EDIT schoolApp/views/thumbnail.html: 0
[2013-10-17 21:08:52] EDIT schoolApp/views/thumbnail.html: 0
[2013-10-17 21:08:52] EDIT schoolApp/views/thumbnail.html: 0
[2013-10-17 21:08:53] EDIT schoolApp/views/thumbnail.html: 0
[2013-10-17 21:09:07] EDIT schoolApp/views/thumbnail.html: 0
[2013-10-17 21:09:08] EDIT schoolApp/views/thumbnail.html: 0
[2013-10-17 21:09:08] EDIT schoolApp/views/thumbnail.html: 0
[2013-10-17 21:09:08] EDIT schoolApp/views/thumbnail.html: 0
[2013-10-17 21:09:08] EDIT schoolApp/views/thumbnail.html: 0
[2013-10-17 21:09:09] EDIT schoolApp/views/thumbnail.html: 0
[2013-10-17 21:09:20] EDIT schoolApp/views/thumbnail.html: 0
[2013-10-17 21:09:20] EDIT schoolApp/views/thumbnail.html: 0
[2013-10-17 21:09:20] EDIT schoolApp/views/thumbnail.html: 0
[2013-10-17 21:09:20] EDIT schoolApp/views/thumbnail.html: 0
[2013-10-17 21:09:21] EDIT schoolApp/views/thumbnail.html: 0
[2013-10-17 21:09:21] EDIT schoolApp/views/thumbnail.html: 0
[2013-10-17 21:09:21] EDIT schoolApp/views/thumbnail.html: 0
[2013-10-17 21:09:21] EDIT schoolApp/views/thumbnail.html: 0
[2013-10-17 21:09:22] EDIT schoolApp/views/thumbnail.html: 0
[2013-10-17 21:09:22] EDIT schoolApp/views/thumbnail.html: 0
[2013-10-17 21:09:29] EDIT schoolApp/views/thumbnail.html: 0
[2013-10-17 21:09:39] EDIT schoolApp/views/thumbnail.html: 0
[2013-10-17 21:09:39] EDIT schoolApp/views/thumbnail.html: 0
[2013-10-17 21:09:39] EDIT schoolApp/views/thumbnail.html: 0
[2013-10-17 21:21:47] EDIT schoolApp/views/school/admin.html: -1
[2013-10-17 21:21:47] EDIT schoolApp/views/school/admin.html: 0
[2013-10-17 21:21:47] EDIT schoolApp/views/school/admin.html: 0
[2013-10-17 22:30:09] EDIT schoolApp/models/db.py: 0
[2013-10-17 22:31:23] EDIT schoolApp/models/db.py: 0
[2013-10-17 22:31:24] EDIT schoolApp/models/db.py: 0
[2013-10-17 22:31:24] EDIT schoolApp/models/db.py: 0
[2013-10-17 22:31:24] EDIT schoolApp/models/db.py: 0
[2013-10-17 22:31:55] EDIT schoolApp/controllers/school.py: 0
[2013-10-17 22:31:55] EDIT schoolApp/controllers/school.py: 0
[2013-10-17 22:31:55] EDIT schoolApp/controllers/school.py: 0
[2013-10-17 22:31:55] EDIT schoolApp/controllers/school.py: 0
[2013-10-17 22:31:56] EDIT schoolApp/controllers/school.py: 0
[2013-10-17 22:31:56] EDIT schoolApp/controllers/school.py: 0
[2013-10-17 22:31:56] EDIT schoolApp/controllers/school.py: 0
[2013-10-17 22:31:56] EDIT schoolApp/controllers/school.py: 0
[2013-10-17 22:31:57] EDIT schoolApp/controllers/school.py: 0
[2013-10-17 22:31:57] EDIT schoolApp/controllers/school.py: 0
[2013-10-17 22:31:57] EDIT schoolApp/controllers/school.py: 0
[2013-10-17 22:31:57] EDIT schoolApp/controllers/school.py: 0
[2013-10-17 22:31:57] EDIT schoolApp/controllers/school.py: 0
[2013-10-17 22:31:57] EDIT schoolApp/controllers/school.py: 0
[2013-10-17 22:31:57] EDIT schoolApp/controllers/school.py: 0
[2013-10-17 22:31:57] EDIT schoolApp/controllers/school.py: 0
[2013-10-17 22:31:57] EDIT schoolApp/controllers/school.py: 0
[2013-10-17 22:31:57] EDIT schoolApp/controllers/school.py: 0
[2013-10-17 22:31:57] EDIT schoolApp/controllers/school.py: 0
[2013-10-17 22:31:57] EDIT schoolApp/controllers/school.py: 0
[2013-10-17 22:31:58] EDIT schoolApp/controllers/school.py: 0
[2013-10-17 22:31:58] EDIT schoolApp/controllers/school.py: 0
[2013-10-17 22:31:58] EDIT schoolApp/controllers/school.py: 0
[2013-10-17 22:32:42] EDIT schoolApp/controllers/school.py: 0
[2013-10-17 22:32:43] EDIT schoolApp/controllers/school.py: 0
[2013-10-17 22:32:43] EDIT schoolApp/controllers/school.py: 0
[2013-10-17 22:32:43] EDIT schoolApp/controllers/school.py: 0
[2013-10-17 22:34:19] EDIT schoolApp/views/school/admin.html: 1
[2013-10-17 22:34:19] EDIT schoolApp/views/school/admin.html: 0
[2013-10-17 22:34:19] EDIT schoolApp/views/school/admin.html: 0
[2013-10-17 22:38:05] EDIT schoolApp/models/school/a.py: 0
[2013-10-17 22:38:06] EDIT schoolApp/models/school/a.py: 0
[2013-10-17 22:38:06] EDIT schoolApp/models/school/a.py: 0
[2013-10-17 22:38:07] EDIT schoolApp/models/school/a.py: 0
[2013-10-17 22:38:07] EDIT schoolApp/models/school/a.py: 0
[2013-10-17 22:38:07] EDIT schoolApp/models/school/a.py: 0
[2013-10-17 22:38:07] EDIT schoolApp/models/school/a.py: 0
[2013-10-17 22:39:07] EDIT schoolApp/models/school/a.py: 0
[2013-10-17 22:39:07] EDIT schoolApp/models/school/a.py: 0
[2013-10-17 22:39:07] EDIT schoolApp/models/school/a.py: 0
[2013-10-17 22:39:07] EDIT schoolApp/models/school/a.py: 0
[2013-10-17 22:39:07] EDIT schoolApp/models/school/a.py: 0
[2013-10-17 22:39:38] EDIT schoolApp/models/school/a.py: 0
[2013-10-17 23:23:53] EDIT schoolApp/views/popover.html: 0
[2013-10-17 23:23:53] EDIT schoolApp/views/popover.html: 0
[2013-10-17 23:23:53] EDIT schoolApp/views/popover.html: 0
[2013-10-17 23:31:36] EDIT schoolApp/views/popover.html: 0
[2013-10-17 23:32:13] EDIT schoolApp/views/popover.html: 0
[2013-10-17 23:32:13] EDIT schoolApp/views/popover.html: 0
[2013-10-17 23:32:13] EDIT schoolApp/views/popover.html: 0
[2013-10-17 23:32:13] EDIT schoolApp/views/popover.html: 0
[2013-10-17 23:32:14] EDIT schoolApp/views/popover.html: 0
[2013-10-17 23:32:14] EDIT schoolApp/views/popover.html: 0
[2013-10-17 23:32:14] EDIT schoolApp/views/popover.html: 0
[2013-10-17 23:32:14] EDIT schoolApp/views/popover.html: 0
[2013-10-17 23:32:14] EDIT schoolApp/views/popover.html: 0
[2013-10-17 23:32:25] EDIT schoolApp/views/popover.html: 0
[2013-10-17 23:32:25] EDIT schoolApp/views/popover.html: 0
[2013-10-17 23:32:25] EDIT schoolApp/views/popover.html: 0
[2013-10-17 23:32:26] EDIT schoolApp/views/popover.html: 0
[2013-10-17 23:32:26] EDIT schoolApp/views/popover.html: 0
[2013-10-17 23:32:26] EDIT schoolApp/views/popover.html: 0
[2013-10-17 23:32:26] EDIT schoolApp/views/popover.html: 0
[2013-10-17 23:32:31] EDIT schoolApp/views/popover.html: 0
[2013-10-17 23:33:24] EDIT schoolApp/views/javascript.html: 4
[2013-10-17 23:33:25] EDIT schoolApp/views/javascript.html: 0
[2013-10-17 23:33:25] EDIT schoolApp/views/javascript.html: 0
[2013-10-17 23:33:25] EDIT schoolApp/views/javascript.html: 0
[2013-10-17 23:33:25] EDIT schoolApp/views/javascript.html: 0
[2013-10-17 23:33:25] EDIT schoolApp/views/javascript.html: 0
[2013-10-17 23:33:32] EDIT schoolApp/views/javascript.html: 0
[2013-10-17 23:33:32] EDIT schoolApp/views/javascript.html: 0
[2013-10-17 23:33:32] EDIT schoolApp/views/javascript.html: 0
[2013-10-17 23:34:42] EDIT schoolApp/views/javascript.html: 0
[2013-10-17 23:34:42] EDIT schoolApp/views/javascript.html: 0
[2013-10-17 23:34:55] EDIT schoolApp/views/javascript.html: 0
[2013-10-17 23:35:02] EDIT schoolApp/views/javascript.html: 0
[2013-10-17 23:35:02] EDIT schoolApp/views/javascript.html: 0
[2013-10-17 23:35:03] EDIT schoolApp/views/javascript.html: 0
[2013-10-17 23:35:03] EDIT schoolApp/views/javascript.html: 0
[2013-10-17 23:35:03] EDIT schoolApp/views/javascript.html: 0
[2013-10-17 23:35:03] EDIT schoolApp/views/javascript.html: 0
[2013-10-17 23:35:04] EDIT schoolApp/views/javascript.html: 0
[2013-10-17 23:39:07] EDIT schoolApp/views/javascript.html: 0
[2013-10-17 23:39:08] EDIT schoolApp/views/javascript.html: 0
[2013-10-17 23:39:08] EDIT schoolApp/views/javascript.html: 0
[2013-10-17 23:39:11] EDIT schoolApp/views/javascript.html: 0
[2013-10-17 23:39:11] EDIT schoolApp/views/javascript.html: 0
[2013-10-17 23:39:11] EDIT schoolApp/views/javascript.html: 0
[2013-10-17 23:39:12] EDIT schoolApp/views/javascript.html: 0
[2013-10-17 23:39:12] EDIT schoolApp/views/javascript.html: 0
[2013-10-17 23:39:12] EDIT schoolApp/views/javascript.html: 0
[2013-10-17 23:39:12] EDIT schoolApp/views/javascript.html: 0
[2013-10-17 23:39:12] EDIT schoolApp/views/javascript.html: 0
[2013-10-17 23:39:13] EDIT schoolApp/views/javascript.html: 0
[2013-10-17 23:39:13] EDIT schoolApp/views/javascript.html: 0
[2013-10-17 23:39:13] EDIT schoolApp/views/javascript.html: 0
[2013-10-17 23:39:13] EDIT schoolApp/views/javascript.html: 0
[2013-10-17 23:39:13] EDIT schoolApp/views/javascript.html: 0
[2013-10-17 23:39:14] EDIT schoolApp/views/javascript.html: 0
[2013-10-17 23:39:14] EDIT schoolApp/views/javascript.html: 0
[2013-10-17 23:39:14] EDIT schoolApp/views/javascript.html: 0
[2013-10-17 23:39:14] EDIT schoolApp/views/javascript.html: 0
[2013-10-17 23:39:14] EDIT schoolApp/views/javascript.html: 0
[2013-10-17 23:39:15] EDIT schoolApp/views/javascript.html: 0
[2013-10-17 23:39:15] EDIT schoolApp/views/javascript.html: 0
[2013-10-17 23:40:17] EDIT schoolApp/views/javascript.html: 0
[2013-10-17 23:40:18] EDIT schoolApp/views/javascript.html: 0
[2013-10-17 23:40:21] EDIT schoolApp/views/javascript.html: 0
[2013-10-17 23:40:21] EDIT schoolApp/views/javascript.html: 0
[2013-10-17 23:40:21] EDIT schoolApp/views/javascript.html: 0
[2013-10-17 23:40:22] EDIT schoolApp/views/javascript.html: 0
[2013-10-17 23:40:34] EDIT schoolApp/views/javascript.html: 0
[2013-10-17 23:40:34] EDIT schoolApp/views/javascript.html: 0
[2013-10-17 23:40:35] EDIT schoolApp/views/javascript.html: 0
[2013-10-17 23:40:35] EDIT schoolApp/views/javascript.html: 0
[2013-10-17 23:40:35] EDIT schoolApp/views/javascript.html: 0
[2013-10-17 23:40:35] EDIT schoolApp/views/javascript.html: 0
[2013-10-17 23:40:36] EDIT schoolApp/views/javascript.html: 0
[2013-10-17 23:40:36] EDIT schoolApp/views/javascript.html: 0
[2013-10-17 23:40:36] EDIT schoolApp/views/javascript.html: 0
[2013-10-17 23:40:36] EDIT schoolApp/views/javascript.html: 0
[2013-10-17 23:40:36] EDIT schoolApp/views/javascript.html: 0
[2013-10-17 23:40:36] EDIT schoolApp/views/javascript.html: 0
[2013-10-17 23:40:36] EDIT schoolApp/views/javascript.html: 0
[2013-10-17 23:40:36] EDIT schoolApp/views/javascript.html: 0
[2013-10-17 23:40:36] EDIT schoolApp/views/javascript.html: 0
[2013-10-17 23:40:36] EDIT schoolApp/views/javascript.html: 0
[2013-10-17 23:40:36] EDIT schoolApp/views/javascript.html: 0
[2013-10-17 23:40:36] EDIT schoolApp/views/javascript.html: 0
[2013-10-17 23:40:36] EDIT schoolApp/views/javascript.html: 0
[2013-10-17 23:40:36] EDIT schoolApp/views/javascript.html: 0
[2013-10-17 23:48:11] EDIT schoolApp/views/popover.html: 4
[2013-10-17 23:48:12] EDIT schoolApp/views/popover.html: 0
[2013-10-17 23:48:12] EDIT schoolApp/views/popover.html: 0
[2013-10-17 23:48:12] EDIT schoolApp/views/popover.html: 0
[2013-10-17 23:48:12] EDIT schoolApp/views/popover.html: 0
[2013-10-17 23:48:13] EDIT schoolApp/views/popover.html: 0
[2013-10-17 23:48:13] EDIT schoolApp/views/popover.html: 0
[2013-10-17 23:48:13] EDIT schoolApp/views/popover.html: 0
[2013-10-17 23:48:13] EDIT schoolApp/views/popover.html: 0
[2013-10-17 23:51:21] EDIT schoolApp/views/popover.html: 0
[2013-10-17 23:51:29] EDIT schoolApp/views/popover.html: 0
[2013-10-18 22:16:04] EDIT schoolApp/views/popover.html: 0
[2013-10-18 22:16:04] EDIT schoolApp/views/popover.html: 0
[2013-10-18 22:16:04] EDIT schoolApp/views/popover.html: 0
[2013-10-18 22:16:05] EDIT schoolApp/views/popover.html: 0
[2013-10-18 22:16:05] EDIT schoolApp/views/popover.html: 0
[2013-10-18 22:16:11] EDIT schoolApp/views/popover.html: 0
[2013-10-18 22:16:11] EDIT schoolApp/views/popover.html: 0
[2013-10-18 22:16:11] EDIT schoolApp/views/popover.html: 0
[2013-10-18 22:16:12] EDIT schoolApp/views/popover.html: 0
[2013-10-18 22:16:12] EDIT schoolApp/views/popover.html: 0
[2013-10-18 22:16:12] EDIT schoolApp/views/popover.html: 0
[2013-10-18 22:16:12] EDIT schoolApp/views/popover.html: 0
[2013-10-18 22:17:09] EDIT schoolApp/views/popover.html: 0
[2013-10-18 22:17:09] EDIT schoolApp/views/popover.html: 0
[2013-10-18 22:17:10] EDIT schoolApp/views/popover.html: 0
[2013-10-18 22:17:19] EDIT schoolApp/views/popover.html: 0
[2013-10-18 22:17:19] EDIT schoolApp/views/popover.html: 0
[2013-10-18 22:17:19] EDIT schoolApp/views/popover.html: 0
[2013-10-18 22:17:19] EDIT schoolApp/views/popover.html: 0
[2013-10-18 22:17:20] EDIT schoolApp/views/popover.html: 0
[2013-10-18 22:17:20] EDIT schoolApp/views/popover.html: 0
[2013-10-18 22:17:20] EDIT schoolApp/views/popover.html: 0
[2013-10-18 22:17:20] EDIT schoolApp/views/popover.html: 0
[2013-10-18 22:17:21] EDIT schoolApp/views/popover.html: 0
[2013-10-18 22:17:21] EDIT schoolApp/views/popover.html: 0
[2013-10-18 22:17:21] EDIT schoolApp/views/popover.html: 0
[2013-10-18 22:17:21] EDIT schoolApp/views/popover.html: 0
[2013-10-18 22:17:22] EDIT schoolApp/views/popover.html: 0
[2013-10-18 22:21:12] EDIT schoolApp/views/popover.html: 0
[2013-10-18 22:21:12] EDIT schoolApp/views/popover.html: 0
[2013-10-19 10:49:14] EDIT schoolApp/views/search.html: 0
[2013-10-19 10:50:09] EDIT schoolApp/views/search.html: 0
[2013-10-19 10:50:23] EDIT schoolApp/views/search.html: 0
[2013-10-19 11:17:39] EDIT schoolApp/views/search.html: 0
[2013-10-19 11:17:59] EDIT schoolApp/views/search.html: 0
[2013-10-19 11:18:13] EDIT schoolApp/views/search.html: 0
[2013-10-19 11:18:49] EDIT schoolApp/views/search.html: 0
[2013-10-19 11:22:55] EDIT schoolApp/views/search.html: 0
[2013-10-19 11:24:32] EDIT schoolApp/views/search.html: 0
[2013-10-19 11:24:48] EDIT schoolApp/views/search.html: 0
[2013-10-19 11:25:31] EDIT schoolApp/views/search.html: 0
[2013-10-19 11:25:31] EDIT schoolApp/views/search.html: 0
[2013-10-19 11:25:31] EDIT schoolApp/views/search.html: 0
[2013-10-19 11:25:31] EDIT schoolApp/views/search.html: 0
[2013-10-19 11:26:29] EDIT schoolApp/views/search.html: 0
[2013-10-19 11:26:30] EDIT schoolApp/views/search.html: 0
[2013-10-19 11:26:30] EDIT schoolApp/views/search.html: 0
[2013-10-19 11:26:30] EDIT schoolApp/views/search.html: 0
[2013-10-19 11:26:30] EDIT schoolApp/views/search.html: 0
[2013-10-19 11:26:31] EDIT schoolApp/views/search.html: 0
[2013-10-19 11:26:31] EDIT schoolApp/views/search.html: 0
[2013-10-19 11:26:31] EDIT schoolApp/views/search.html: 0
[2013-10-19 11:26:31] EDIT schoolApp/views/search.html: 0
[2013-10-19 11:27:11] EDIT schoolApp/views/search.html: 0
[2013-10-19 11:27:39] EDIT schoolApp/views/search.html: 0
[2013-10-19 11:27:39] EDIT schoolApp/views/search.html: 0
[2013-10-19 11:35:05] EDIT schoolApp/views/search.html: 0
[2013-10-19 11:35:05] EDIT schoolApp/views/search.html: 0
[2013-10-19 11:35:05] EDIT schoolApp/views/search.html: 0
[2013-10-19 11:37:25] EDIT schoolApp/views/search.html: 0
[2013-10-19 11:37:50] EDIT schoolApp/views/search.html: 0
[2013-10-19 11:39:15] EDIT schoolApp/views/search.html: 0
[2013-10-19 11:39:27] EDIT schoolApp/views/search.html: 0
[2013-10-19 11:42:15] EDIT schoolApp/views/search.html: 0
[2013-10-19 11:42:33] EDIT schoolApp/views/search.html: 0
[2013-10-19 11:45:07] EDIT schoolApp/views/search.html: 0
[2013-10-19 11:45:07] EDIT schoolApp/views/search.html: 0
[2013-10-19 11:45:07] EDIT schoolApp/views/search.html: 0
[2013-10-19 11:53:20] EDIT schoolApp/views/search.html: 0
[2013-10-19 11:53:20] EDIT schoolApp/views/search.html: 0
[2013-10-19 11:53:20] EDIT schoolApp/views/search.html: 0
[2013-10-19 11:53:53] EDIT schoolApp/views/search.html: 0
[2013-10-19 11:54:21] EDIT schoolApp/views/search.html: 0
[2013-10-19 11:55:58] EDIT schoolApp/views/search.html: 0
[2013-10-19 11:55:58] EDIT schoolApp/views/search.html: 0
[2013-10-19 11:56:03] EDIT schoolApp/views/search.html: 0
[2013-10-19 11:56:03] EDIT schoolApp/views/search.html: 0
[2013-10-19 11:56:55] EDIT schoolApp/views/javascript.html: -4
[2013-10-19 11:59:02] EDIT schoolApp/views/javascript.html: 4
[2013-10-19 11:59:03] EDIT schoolApp/views/javascript.html: 0
[2013-10-19 11:59:03] EDIT schoolApp/views/javascript.html: 0
[2013-10-19 11:59:03] EDIT schoolApp/views/javascript.html: 0
[2013-10-19 11:59:03] EDIT schoolApp/views/javascript.html: 0
[2013-10-19 11:59:03] EDIT schoolApp/views/javascript.html: 0
[2013-10-19 11:59:03] EDIT schoolApp/views/javascript.html: 0
[2013-10-19 11:59:04] EDIT schoolApp/views/javascript.html: 0
[2013-10-19 11:59:04] EDIT schoolApp/views/javascript.html: 0
[2013-10-19 11:59:04] EDIT schoolApp/views/javascript.html: 0
[2013-10-19 11:59:04] EDIT schoolApp/views/javascript.html: 0
[2013-10-19 11:59:04] EDIT schoolApp/views/javascript.html: 0
[2013-10-19 11:59:05] EDIT schoolApp/views/javascript.html: 0
[2013-10-19 11:59:05] EDIT schoolApp/views/javascript.html: 0
[2013-10-19 11:59:39] EDIT schoolApp/views/javascript.html: -4
[2013-10-19 12:00:00] EDIT schoolApp/views/javascript.html: 4
[2013-10-19 12:00:00] EDIT schoolApp/views/javascript.html: 0
[2013-10-19 12:00:01] EDIT schoolApp/views/javascript.html: 0
[2013-10-19 12:00:01] EDIT schoolApp/views/javascript.html: 0
[2013-10-19 12:00:01] EDIT schoolApp/views/javascript.html: 0
[2013-10-19 12:00:47] EDIT schoolApp/views/javascript.html: 2
[2013-10-19 12:01:16] EDIT schoolApp/views/javascript.html: 0
[2013-10-19 12:01:31] EDIT schoolApp/views/javascript.html: 0
[2013-10-19 12:01:49] EDIT schoolApp/views/javascript.html: -1
[2013-10-19 12:01:51] EDIT schoolApp/views/javascript.html: 0
[2013-10-19 12:02:30] EDIT schoolApp/views/javascript.html: 1
[2013-10-19 12:03:01] EDIT schoolApp/views/javascript.html: 0
[2013-10-19 12:03:02] EDIT schoolApp/views/javascript.html: 0
[2013-10-19 12:03:02] EDIT schoolApp/views/javascript.html: 0
[2013-10-19 12:03:02] EDIT schoolApp/views/javascript.html: 0
[2013-10-19 12:03:02] EDIT schoolApp/views/javascript.html: 0
[2013-10-19 12:03:03] EDIT schoolApp/views/javascript.html: 0
[2013-10-19 12:03:03] EDIT schoolApp/views/javascript.html: 0
[2013-10-19 12:03:03] EDIT schoolApp/views/javascript.html: 0
[2013-10-19 12:03:03] EDIT schoolApp/views/javascript.html: 0
[2013-10-19 12:03:04] EDIT schoolApp/views/javascript.html: 0
[2013-10-19 12:03:04] EDIT schoolApp/views/javascript.html: 0
[2013-10-19 12:03:04] EDIT schoolApp/views/javascript.html: 0
[2013-10-19 12:03:04] EDIT schoolApp/views/javascript.html: 0
[2013-10-19 12:03:05] EDIT schoolApp/views/javascript.html: 0
[2013-10-19 12:03:05] EDIT schoolApp/views/javascript.html: 0
[2013-10-19 12:03:05] EDIT schoolApp/views/javascript.html: 0
[2013-10-19 12:03:05] EDIT schoolApp/views/javascript.html: 0
[2013-10-19 12:03:48] EDIT schoolApp/views/javascript.html: 0
[2013-10-19 12:03:49] EDIT schoolApp/views/javascript.html: 0
[2013-10-19 12:03:49] EDIT schoolApp/views/javascript.html: 0
[2013-10-19 12:03:49] EDIT schoolApp/views/javascript.html: 0
[2013-10-19 12:03:49] EDIT schoolApp/views/javascript.html: 0
[2013-10-19 12:03:50] EDIT schoolApp/views/javascript.html: 0
[2013-10-19 12:03:50] EDIT schoolApp/views/javascript.html: 0
[2013-10-19 12:03:50] EDIT schoolApp/views/javascript.html: 0
[2013-10-19 12:03:50] EDIT schoolApp/views/javascript.html: 0
[2013-10-19 12:03:50] EDIT schoolApp/views/javascript.html: 0
[2013-10-19 12:03:50] EDIT schoolApp/views/javascript.html: 0
[2013-10-19 12:03:50] EDIT schoolApp/views/javascript.html: 0
[2013-10-19 12:03:50] EDIT schoolApp/views/javascript.html: 0
[2013-10-19 12:03:51] EDIT schoolApp/views/javascript.html: 0
[2013-10-19 12:03:51] EDIT schoolApp/views/javascript.html: 0
[2013-10-19 12:03:51] EDIT schoolApp/views/javascript.html: 0
[2013-10-19 12:03:51] EDIT schoolApp/views/javascript.html: 0
[2013-10-19 12:04:43] EDIT schoolApp/views/search.html: 0
[2013-10-19 12:04:43] EDIT schoolApp/views/search.html: 0
[2013-10-19 12:04:52] EDIT schoolApp/views/search.html: 0
[2013-10-19 12:04:52] EDIT schoolApp/views/search.html: 0
[2013-10-19 12:04:53] EDIT schoolApp/views/search.html: 0
[2013-10-19 12:04:53] EDIT schoolApp/views/search.html: 0
[2013-10-19 12:04:53] EDIT schoolApp/views/search.html: 0
[2013-10-19 12:07:22] EDIT schoolApp/views/search.html: 0
[2013-10-19 12:07:45] EDIT schoolApp/views/search.html: 0
[2013-10-19 12:08:56] EDIT schoolApp/views/search.html: 0
[2013-10-19 12:09:06] EDIT schoolApp/views/search.html: 0
[2013-10-19 12:10:03] EDIT schoolApp/views/search.html: 0
[2013-10-19 12:11:02] EDIT schoolApp/views/search.html: 0
[2013-10-19 12:11:02] EDIT schoolApp/views/search.html: 0
[2013-10-19 12:11:25] EDIT schoolApp/views/search.html: 0
[2013-10-19 12:11:25] EDIT schoolApp/views/search.html: 0
[2013-10-19 12:11:26] EDIT schoolApp/views/search.html: 0
[2013-10-19 12:11:26] EDIT schoolApp/views/search.html: 0
[2013-10-19 12:11:26] EDIT schoolApp/views/search.html: 0
[2013-10-19 12:11:26] EDIT schoolApp/views/search.html: 0
[2013-10-19 12:12:11] EDIT schoolApp/views/search.html: 1
[2013-10-19 12:12:11] EDIT schoolApp/views/search.html: 0
[2013-10-19 12:12:12] EDIT schoolApp/views/search.html: 0
[2013-10-19 12:12:12] EDIT schoolApp/views/search.html: 0
[2013-10-19 12:12:12] EDIT schoolApp/views/search.html: 0
[2013-10-19 12:12:12] EDIT schoolApp/views/search.html: 0
[2013-10-19 12:12:12] EDIT schoolApp/views/search.html: 0
[2013-10-19 12:12:12] EDIT schoolApp/views/search.html: 0
[2013-10-19 12:12:13] EDIT schoolApp/views/search.html: 0
[2013-10-19 12:12:13] EDIT schoolApp/views/search.html: 0
[2013-10-19 12:12:21] EDIT schoolApp/views/search.html: 0
[2013-10-19 12:12:22] EDIT schoolApp/views/search.html: 0
[2013-10-19 12:12:22] EDIT schoolApp/views/search.html: 0
[2013-10-19 12:12:22] EDIT schoolApp/views/search.html: 0
[2013-10-19 12:12:22] EDIT schoolApp/views/search.html: 0
[2013-10-19 12:12:23] EDIT schoolApp/views/search.html: 0
[2013-10-19 12:12:23] EDIT schoolApp/views/search.html: 0
[2013-10-19 12:13:48] EDIT schoolApp/views/search.html: 1
[2013-10-19 12:13:49] EDIT schoolApp/views/search.html: 0
[2013-10-19 12:14:43] EDIT schoolApp/views/search.html: -1
[2013-10-19 12:14:43] EDIT schoolApp/views/search.html: 0
[2013-10-19 12:14:44] EDIT schoolApp/views/search.html: 0
[2013-10-19 12:14:44] EDIT schoolApp/views/search.html: 0
[2013-10-19 12:14:45] EDIT schoolApp/views/search.html: 0
[2013-10-19 12:14:45] EDIT schoolApp/views/search.html: 0
[2013-10-19 12:14:47] EDIT schoolApp/views/search.html: 0
[2013-10-19 12:14:48] EDIT schoolApp/views/search.html: 0
[2013-10-19 12:14:48] EDIT schoolApp/views/search.html: 0
[2013-10-19 12:14:48] EDIT schoolApp/views/search.html: 0
[2013-10-19 12:17:20] EDIT schoolApp/views/search.html: 0
[2013-10-19 12:17:21] EDIT schoolApp/views/search.html: 0
[2013-10-19 12:18:57] EDIT schoolApp/views/search.html: 2
[2013-10-19 12:18:57] EDIT schoolApp/views/search.html: 0
[2013-10-19 12:20:28] EDIT schoolApp/views/search.html: 1
[2013-10-19 12:20:28] EDIT schoolApp/views/search.html: 0
[2013-10-19 12:21:40] EDIT schoolApp/views/search.html: 2
[2013-10-19 12:21:40] EDIT schoolApp/views/search.html: 0
[2013-10-19 12:21:40] EDIT schoolApp/views/search.html: 0
[2013-10-19 12:21:40] EDIT schoolApp/views/search.html: 0
[2013-10-19 12:21:41] EDIT schoolApp/views/search.html: 0
[2013-10-19 12:21:41] EDIT schoolApp/views/search.html: 0
[2013-10-19 12:21:41] EDIT schoolApp/views/search.html: 0
[2013-10-19 12:21:41] EDIT schoolApp/views/search.html: 0
[2013-10-19 12:22:31] EDIT schoolApp/views/search.html: 3
[2013-10-19 12:22:31] EDIT schoolApp/views/search.html: 0
[2013-10-19 12:22:31] EDIT schoolApp/views/search.html: 0
[2013-10-19 12:22:31] EDIT schoolApp/views/search.html: 0
[2013-10-19 12:22:31] EDIT schoolApp/views/search.html: 0
[2013-10-19 12:22:32] EDIT schoolApp/views/search.html: 0
[2013-10-19 12:22:32] EDIT schoolApp/views/search.html: 0
[2013-10-19 12:22:32] EDIT schoolApp/views/search.html: 0
[2013-10-19 12:22:32] EDIT schoolApp/views/search.html: 0
[2013-10-19 12:22:32] EDIT schoolApp/views/search.html: 0
[2013-10-19 12:22:33] EDIT schoolApp/views/search.html: 0
[2013-10-19 12:22:33] EDIT schoolApp/views/search.html: 0
[2013-10-19 12:22:33] EDIT schoolApp/views/search.html: 0
[2013-10-19 12:22:33] EDIT schoolApp/views/search.html: 0
[2013-10-19 12:22:33] EDIT schoolApp/views/search.html: 0
[2013-10-19 12:22:33] EDIT schoolApp/views/search.html: 0
[2013-10-19 12:22:34] EDIT schoolApp/views/search.html: 0
[2013-10-19 12:22:34] EDIT schoolApp/views/search.html: 0
[2013-10-19 12:22:34] EDIT schoolApp/views/search.html: 0
[2013-10-19 12:22:34] EDIT schoolApp/views/search.html: 0
[2013-10-19 12:22:45] EDIT schoolApp/views/search.html: -2
[2013-10-19 12:23:01] EDIT schoolApp/views/search.html: 0
[2013-10-19 12:23:25] EDIT schoolApp/views/search.html: 0
[2013-10-19 12:23:25] EDIT schoolApp/views/search.html: 0
[2013-10-19 12:23:25] EDIT schoolApp/views/search.html: 0
[2013-10-19 12:23:29] EDIT schoolApp/views/search.html: 0
[2013-10-19 12:23:29] EDIT schoolApp/views/search.html: 0
[2013-10-19 12:23:41] EDIT schoolApp/views/search.html: 0
[2013-10-19 12:23:51] EDIT schoolApp/views/search.html: 0
[2013-10-19 12:23:51] EDIT schoolApp/views/search.html: 0
[2013-10-19 12:23:52] EDIT schoolApp/views/search.html: 0
[2013-10-19 12:23:52] EDIT schoolApp/views/search.html: 0
[2013-10-19 12:23:52] EDIT schoolApp/views/search.html: 0
[2013-10-19 12:23:52] EDIT schoolApp/views/search.html: 0
[2013-10-19 12:23:52] EDIT schoolApp/views/search.html: 0
[2013-10-19 12:23:53] EDIT schoolApp/views/search.html: 0
[2013-10-19 12:23:53] EDIT schoolApp/views/search.html: 0
[2013-10-19 12:23:53] EDIT schoolApp/views/search.html: 0
[2013-10-19 12:23:53] EDIT schoolApp/views/search.html: 0
[2013-10-19 12:23:53] EDIT schoolApp/views/search.html: 0
[2013-10-19 12:23:54] EDIT schoolApp/views/search.html: 0
[2013-10-19 12:23:54] EDIT schoolApp/views/search.html: 0
[2013-10-19 12:23:54] EDIT schoolApp/views/search.html: 0
[2013-10-19 12:23:54] EDIT schoolApp/views/search.html: 0
[2013-10-19 12:23:55] EDIT schoolApp/views/search.html: 0
[2013-10-19 12:23:55] EDIT schoolApp/views/search.html: 0
[2013-10-19 12:23:55] EDIT schoolApp/views/search.html: 0
[2013-10-19 12:23:55] EDIT schoolApp/views/search.html: 0
[2013-10-19 12:23:55] EDIT schoolApp/views/search.html: 0
[2013-10-19 12:23:56] EDIT schoolApp/views/search.html: 0
[2013-10-19 12:23:56] EDIT schoolApp/views/search.html: 0
[2013-10-19 12:23:56] EDIT schoolApp/views/search.html: 0
[2013-10-19 12:23:56] EDIT schoolApp/views/search.html: 0
[2013-10-19 12:23:57] EDIT schoolApp/views/search.html: 0
[2013-10-19 12:23:57] EDIT schoolApp/views/search.html: 0
[2013-10-19 12:23:57] EDIT schoolApp/views/search.html: 0
[2013-10-19 12:23:57] EDIT schoolApp/views/search.html: 0
[2013-10-19 12:23:58] EDIT schoolApp/views/search.html: 0
[2013-10-19 12:23:58] EDIT schoolApp/views/search.html: 0
[2013-10-19 12:23:58] EDIT schoolApp/views/search.html: 0
[2013-10-19 12:23:58] EDIT schoolApp/views/search.html: 0
[2013-10-19 12:24:30] EDIT schoolApp/views/search.html: 1
[2013-10-19 12:24:53] EDIT schoolApp/views/search.html: 1
[2013-10-19 12:24:53] EDIT schoolApp/views/search.html: 0
[2013-10-19 12:24:54] EDIT schoolApp/views/search.html: 0
[2013-10-19 12:24:54] EDIT schoolApp/views/search.html: 0
[2013-10-19 12:24:54] EDIT schoolApp/views/search.html: 0
[2013-10-19 12:24:54] EDIT schoolApp/views/search.html: 0
[2013-10-19 12:24:54] EDIT schoolApp/views/search.html: 0
[2013-10-19 12:24:54] EDIT schoolApp/views/search.html: 0
[2013-10-19 12:25:17] EDIT schoolApp/views/search.html: 0
[2013-10-19 12:25:31] EDIT schoolApp/views/search.html: 0
[2013-10-19 12:25:32] EDIT schoolApp/views/search.html: 0
[2013-10-19 12:25:32] EDIT schoolApp/views/search.html: 0
[2013-10-19 12:25:52] EDIT schoolApp/views/search.html: -1
[2013-10-19 12:25:52] EDIT schoolApp/views/search.html: 0
[2013-10-19 12:25:52] EDIT schoolApp/views/search.html: 0
[2013-10-19 12:25:52] EDIT schoolApp/views/search.html: 0
[2013-10-19 12:25:53] EDIT schoolApp/views/search.html: 0
[2013-10-19 12:25:53] EDIT schoolApp/views/search.html: 0
[2013-10-19 12:25:53] EDIT schoolApp/views/search.html: 0
[2013-10-19 12:26:38] EDIT schoolApp/views/search.html: -1
[2013-10-19 12:26:39] EDIT schoolApp/views/search.html: 0
[2013-10-19 12:26:39] EDIT schoolApp/views/search.html: 0
[2013-10-19 12:26:39] EDIT schoolApp/views/search.html: 0
[2013-10-19 12:26:39] EDIT schoolApp/views/search.html: 0
[2013-10-19 12:35:10] EDIT schoolApp/models/db.py: 5
[2013-10-19 12:36:07] EDIT schoolApp/controllers/school.py: 13
[2013-10-19 12:36:08] EDIT schoolApp/controllers/school.py: 0
[2013-10-19 12:36:08] EDIT schoolApp/controllers/school.py: 0
[2013-10-19 12:36:08] EDIT schoolApp/controllers/school.py: 0
[2013-10-19 12:37:10] CREATE school/attendance.html: 0
[2013-10-19 12:37:13] EDIT schoolApp/views/school/attendance.html: 49
[2013-10-19 12:37:58] CREATE school/attendancethumbnail.html: 0
[2013-10-19 12:38:21] CREATE attendancethumbnail.html: 0
[2013-10-19 12:38:26] EDIT schoolApp/views/attendancethumbnail.html: 20
[2013-10-19 12:38:26] EDIT schoolApp/views/attendancethumbnail.html: 0
[2013-10-19 12:39:05] CREATE attendanceform.html: 0
[2013-10-19 12:39:08] EDIT schoolApp/views/attendanceform.html: 1
[2013-10-19 12:39:08] EDIT schoolApp/views/attendanceform.html: 0
[2013-10-19 12:39:09] EDIT schoolApp/views/attendanceform.html: 0
[2013-10-19 12:39:46] EDIT schoolApp/models/menu.py: 1
[2013-10-19 12:39:46] EDIT schoolApp/models/menu.py: 0
[2013-10-19 12:39:46] EDIT schoolApp/models/menu.py: 0
[2013-10-19 12:39:46] EDIT schoolApp/models/menu.py: 0
[2013-10-19 12:42:17] EDIT schoolApp/models/menu.py: 0
[2013-10-19 14:50:02] EDIT schoolApp/views/popover.html: 0
[2013-10-19 14:50:03] EDIT schoolApp/views/popover.html: 0
[2013-10-19 14:50:03] EDIT schoolApp/views/popover.html: 0
[2013-10-19 14:50:04] EDIT schoolApp/views/popover.html: 0
[2013-10-19 14:50:05] EDIT schoolApp/views/popover.html: 0
[2013-10-19 14:52:35] EDIT schoolApp/views/popover.html: 0
[2013-10-19 14:53:35] EDIT schoolApp/views/popover.html: 0
[2013-10-19 14:54:00] EDIT schoolApp/views/popover.html: 0
[2013-10-19 14:55:07] EDIT schoolApp/views/popover.html: 0
[2013-10-19 14:55:47] EDIT schoolApp/views/popover.html: 0
[2013-10-19 14:58:25] EDIT schoolApp/views/popover.html: 0
[2013-10-19 14:58:26] EDIT schoolApp/views/popover.html: 0
[2013-10-19 14:58:26] EDIT schoolApp/views/popover.html: 0
[2013-10-19 15:02:19] EDIT schoolApp/views/popover.html: 0
[2013-10-19 15:02:19] EDIT schoolApp/views/popover.html: 0
[2013-10-19 15:02:20] EDIT schoolApp/views/popover.html: 0
[2013-10-19 15:02:59] EDIT schoolApp/views/popover.html: 0
[2013-10-19 15:03:00] EDIT schoolApp/views/popover.html: 0
[2013-10-19 15:03:00] EDIT schoolApp/views/popover.html: 0
[2013-10-19 15:03:00] EDIT schoolApp/views/popover.html: 0
[2013-10-19 15:03:00] EDIT schoolApp/views/popover.html: 0
[2013-10-19 15:03:00] EDIT schoolApp/views/popover.html: 0
[2013-10-19 15:03:01] EDIT schoolApp/views/popover.html: 0
[2013-10-19 15:03:01] EDIT schoolApp/views/popover.html: 0
[2013-10-19 15:13:15] EDIT schoolApp/views/popover.html: 0
[2013-10-19 15:13:15] EDIT schoolApp/views/popover.html: 0
[2013-10-19 15:13:16] EDIT schoolApp/views/popover.html: 0
[2013-10-19 15:13:16] EDIT schoolApp/views/popover.html: 0
[2013-10-19 15:13:16] EDIT schoolApp/views/popover.html: 0
[2013-10-19 15:13:16] EDIT schoolApp/views/popover.html: 0
[2013-10-19 15:13:16] EDIT schoolApp/views/popover.html: 0
[2013-10-19 15:13:17] EDIT schoolApp/views/popover.html: 0
[2013-10-19 15:13:17] EDIT schoolApp/views/popover.html: 0
[2013-10-19 15:13:17] EDIT schoolApp/views/popover.html: 0
[2013-10-19 15:13:17] EDIT schoolApp/views/popover.html: 0
[2013-10-19 15:13:18] EDIT schoolApp/views/popover.html: 0
[2013-10-19 15:13:18] EDIT schoolApp/views/popover.html: 0
[2013-10-19 15:13:18] EDIT schoolApp/views/popover.html: 0
[2013-10-19 15:13:18] EDIT schoolApp/views/popover.html: 0
[2013-10-19 15:13:19] EDIT schoolApp/views/popover.html: 0
[2013-10-19 15:13:19] EDIT schoolApp/views/popover.html: 0
[2013-10-19 15:13:19] EDIT schoolApp/views/popover.html: 0
[2013-10-19 15:13:19] EDIT schoolApp/views/popover.html: 0
[2013-10-19 15:13:20] EDIT schoolApp/views/popover.html: 0
[2013-10-19 15:13:20] EDIT schoolApp/views/popover.html: 0
[2013-10-19 15:13:20] EDIT schoolApp/views/popover.html: 0
[2013-10-19 15:15:30] EDIT schoolApp/views/popover.html: 0
[2013-10-19 15:15:30] EDIT schoolApp/views/popover.html: 0
[2013-10-19 15:15:30] EDIT schoolApp/views/popover.html: 0
[2013-10-19 15:15:30] EDIT schoolApp/views/popover.html: 0
[2013-10-19 15:15:31] EDIT schoolApp/views/popover.html: 0
[2013-10-19 15:20:27] EDIT schoolApp/views/popover.html: 0
[2013-10-19 15:20:31] EDIT schoolApp/views/popover.html: 0
[2013-10-19 15:20:32] EDIT schoolApp/views/popover.html: 0
[2013-10-19 15:20:32] EDIT schoolApp/views/popover.html: 0
[2013-10-19 15:20:37] EDIT schoolApp/views/popover.html: 0
[2013-10-19 15:20:37] EDIT schoolApp/views/popover.html: 0
[2013-10-19 15:20:38] EDIT schoolApp/views/popover.html: 0
[2013-10-19 15:21:38] EDIT schoolApp/views/popover.html: 0
[2013-10-19 15:21:39] EDIT schoolApp/views/popover.html: 0
[2013-10-19 15:21:39] EDIT schoolApp/views/popover.html: 0
[2013-10-19 15:21:39] EDIT schoolApp/views/popover.html: 0
[2013-10-19 15:22:42] EDIT schoolApp/views/popover.html: 0
[2013-10-19 15:22:43] EDIT schoolApp/views/popover.html: 0
[2013-10-19 15:22:43] EDIT schoolApp/views/popover.html: 0
[2013-10-19 15:22:43] EDIT schoolApp/views/popover.html: 0
[2013-10-19 15:22:44] EDIT schoolApp/views/popover.html: 0
[2013-10-19 15:22:44] EDIT schoolApp/views/popover.html: 0
[2013-10-19 15:22:44] EDIT schoolApp/views/popover.html: 0
[2013-10-19 15:22:44] EDIT schoolApp/views/popover.html: 0
[2013-10-19 15:22:45] EDIT schoolApp/views/popover.html: 0
[2013-10-19 15:23:18] EDIT schoolApp/views/popover.html: 0
[2013-10-19 15:25:00] EDIT schoolApp/controllers/school.py: 3
[2013-10-19 15:25:00] EDIT schoolApp/controllers/school.py: 0
[2013-10-19 15:25:00] EDIT schoolApp/controllers/school.py: 0
[2013-10-19 15:25:01] EDIT schoolApp/controllers/school.py: 0
[2013-10-19 15:25:01] EDIT schoolApp/controllers/school.py: 0
[2013-10-19 15:25:01] EDIT schoolApp/controllers/school.py: 0
[2013-10-19 15:25:01] EDIT schoolApp/controllers/school.py: 0
[2013-10-19 15:25:01] EDIT schoolApp/controllers/school.py: 0
[2013-10-19 15:25:02] EDIT schoolApp/controllers/school.py: 0
[2013-10-19 15:25:02] EDIT schoolApp/controllers/school.py: 0
[2013-10-19 15:25:02] EDIT schoolApp/controllers/school.py: 0
[2013-10-19 15:25:02] EDIT schoolApp/controllers/school.py: 0
[2013-10-19 15:25:02] EDIT schoolApp/controllers/school.py: 0
[2013-10-19 15:25:02] EDIT schoolApp/controllers/school.py: 0
[2013-10-19 15:25:02] EDIT schoolApp/controllers/school.py: 0
[2013-10-19 15:25:02] EDIT schoolApp/controllers/school.py: 0
[2013-10-19 15:25:02] EDIT schoolApp/controllers/school.py: 0
[2013-10-19 15:25:02] EDIT schoolApp/controllers/school.py: 0
[2013-10-19 15:25:02] EDIT schoolApp/controllers/school.py: 0
[2013-10-19 15:25:02] EDIT schoolApp/controllers/school.py: 0
[2013-10-19 15:25:03] EDIT schoolApp/controllers/school.py: 0
[2013-10-19 15:25:03] EDIT schoolApp/controllers/school.py: 0
[2013-10-19 15:25:03] EDIT schoolApp/controllers/school.py: 0
[2013-10-19 15:25:03] EDIT schoolApp/controllers/school.py: 0
[2013-10-19 15:25:03] EDIT schoolApp/controllers/school.py: 0
[2013-10-19 15:25:03] EDIT schoolApp/controllers/school.py: 0
[2013-10-19 15:25:03] EDIT schoolApp/controllers/school.py: 0
[2013-10-19 15:25:03] EDIT schoolApp/controllers/school.py: 0
[2013-10-19 15:25:03] EDIT schoolApp/controllers/school.py: 0
[2013-10-19 15:25:03] EDIT schoolApp/controllers/school.py: 0
[2013-10-19 15:25:03] EDIT schoolApp/controllers/school.py: 0
[2013-10-19 15:25:03] EDIT schoolApp/controllers/school.py: 0
[2013-10-19 15:25:04] EDIT schoolApp/controllers/school.py: 0
[2013-10-19 15:25:04] EDIT schoolApp/controllers/school.py: 0
[2013-10-19 15:25:04] EDIT schoolApp/controllers/school.py: 0
[2013-10-19 15:25:04] EDIT schoolApp/controllers/school.py: 0
[2013-10-19 15:25:04] EDIT schoolApp/controllers/school.py: 0
[2013-10-19 15:25:04] EDIT schoolApp/controllers/school.py: 0
[2013-10-19 15:25:04] EDIT schoolApp/controllers/school.py: 0
[2013-10-19 15:25:04] EDIT schoolApp/controllers/school.py: 0
[2013-10-19 15:25:04] EDIT schoolApp/controllers/school.py: 0
[2013-10-19 15:25:04] EDIT schoolApp/controllers/school.py: 0
[2013-10-19 15:25:04] EDIT schoolApp/controllers/school.py: 0
[2013-10-19 15:25:04] EDIT schoolApp/controllers/school.py: 0
[2013-10-19 15:25:04] EDIT schoolApp/controllers/school.py: 0
[2013-10-19 15:25:05] EDIT schoolApp/controllers/school.py: 0
[2013-10-19 15:25:05] EDIT schoolApp/controllers/school.py: 0
[2013-10-19 15:25:05] EDIT schoolApp/controllers/school.py: 0
[2013-10-19 15:25:05] EDIT schoolApp/controllers/school.py: 0
[2013-10-19 15:25:05] EDIT schoolApp/controllers/school.py: 0
[2013-10-19 15:25:05] EDIT schoolApp/controllers/school.py: 0
[2013-10-19 15:25:05] EDIT schoolApp/controllers/school.py: 0
[2013-10-19 15:25:05] EDIT schoolApp/controllers/school.py: 0
[2013-10-19 15:25:05] EDIT schoolApp/controllers/school.py: 0
[2013-10-19 15:25:05] EDIT schoolApp/controllers/school.py: 0
[2013-10-19 15:25:05] EDIT schoolApp/controllers/school.py: 0
[2013-10-19 15:25:05] EDIT schoolApp/controllers/school.py: 0
[2013-10-19 15:25:05] EDIT schoolApp/controllers/school.py: 0
[2013-10-19 15:25:06] EDIT schoolApp/controllers/school.py: 0
[2013-10-19 15:25:06] EDIT schoolApp/controllers/school.py: 0
[2013-10-19 15:25:06] EDIT schoolApp/controllers/school.py: 0
[2013-10-19 15:25:06] EDIT schoolApp/controllers/school.py: 0
[2013-10-19 15:25:06] EDIT schoolApp/controllers/school.py: 0
[2013-10-19 15:25:06] EDIT schoolApp/controllers/school.py: 0
[2013-10-19 15:25:06] EDIT schoolApp/controllers/school.py: 0
[2013-10-19 15:25:06] EDIT schoolApp/controllers/school.py: 0
[2013-10-19 15:25:06] EDIT schoolApp/controllers/school.py: 0
[2013-10-19 15:25:06] EDIT schoolApp/controllers/school.py: 0
[2013-10-19 15:25:06] EDIT schoolApp/controllers/school.py: 0
[2013-10-19 15:25:06] EDIT schoolApp/controllers/school.py: 0
[2013-10-19 15:25:06] EDIT schoolApp/controllers/school.py: 0
[2013-10-19 15:25:07] EDIT schoolApp/controllers/school.py: 0
[2013-10-19 15:25:07] EDIT schoolApp/controllers/school.py: 0
[2013-10-19 15:25:07] EDIT schoolApp/controllers/school.py: 0
[2013-10-19 15:25:07] EDIT schoolApp/controllers/school.py: 0
[2013-10-19 15:25:07] EDIT schoolApp/controllers/school.py: 0
[2013-10-19 15:25:07] EDIT schoolApp/controllers/school.py: 0
[2013-10-19 15:25:07] EDIT schoolApp/controllers/school.py: 0
[2013-10-19 15:25:07] EDIT schoolApp/controllers/school.py: 0
[2013-10-19 15:25:07] EDIT schoolApp/controllers/school.py: 0
[2013-10-19 15:25:07] EDIT schoolApp/controllers/school.py: 0
[2013-10-19 15:25:07] EDIT schoolApp/controllers/school.py: 0
[2013-10-19 15:25:07] EDIT schoolApp/controllers/school.py: 0
[2013-10-19 15:25:07] EDIT schoolApp/controllers/school.py: 0
[2013-10-19 15:25:07] EDIT schoolApp/controllers/school.py: 0
[2013-10-19 15:25:08] EDIT schoolApp/controllers/school.py: 0
[2013-10-19 15:25:08] EDIT schoolApp/controllers/school.py: 0
[2013-10-19 15:25:08] EDIT schoolApp/controllers/school.py: 0
[2013-10-19 15:25:08] EDIT schoolApp/controllers/school.py: 0
[2013-10-19 15:25:08] EDIT schoolApp/controllers/school.py: 0
[2013-10-19 15:25:08] EDIT schoolApp/controllers/school.py: 0
[2013-10-19 15:25:08] EDIT schoolApp/controllers/school.py: 0
[2013-10-19 15:25:08] EDIT schoolApp/controllers/school.py: 0
[2013-10-19 15:25:08] EDIT schoolApp/controllers/school.py: 0
[2013-10-19 15:25:08] EDIT schoolApp/controllers/school.py: 0
[2013-10-19 15:25:08] EDIT schoolApp/controllers/school.py: 0
[2013-10-19 15:25:08] EDIT schoolApp/controllers/school.py: 0
[2013-10-19 15:25:09] EDIT schoolApp/controllers/school.py: 0
[2013-10-19 15:25:09] EDIT schoolApp/controllers/school.py: 0
[2013-10-19 15:25:09] EDIT schoolApp/controllers/school.py: 0
[2013-10-19 15:25:09] EDIT schoolApp/controllers/school.py: 0
[2013-10-19 15:25:09] EDIT schoolApp/controllers/school.py: 0
[2013-10-19 15:25:09] EDIT schoolApp/controllers/school.py: 0
[2013-10-19 15:25:09] EDIT schoolApp/controllers/school.py: 0
[2013-10-19 15:25:09] EDIT schoolApp/controllers/school.py: 0
[2013-10-19 15:25:09] EDIT schoolApp/controllers/school.py: 0
[2013-10-19 15:25:09] EDIT schoolApp/controllers/school.py: 0
[2013-10-19 15:25:09] EDIT schoolApp/controllers/school.py: 0
[2013-10-19 15:25:09] EDIT schoolApp/controllers/school.py: 0
[2013-10-19 15:25:09] EDIT schoolApp/controllers/school.py: 0
[2013-10-19 15:25:09] EDIT schoolApp/controllers/school.py: 0
[2013-10-19 15:25:10] EDIT schoolApp/controllers/school.py: 0
[2013-10-19 15:25:10] EDIT schoolApp/controllers/school.py: 0
[2013-10-19 15:25:10] EDIT schoolApp/controllers/school.py: 0
[2013-10-19 15:25:10] EDIT schoolApp/controllers/school.py: 0
[2013-10-19 15:25:10] EDIT schoolApp/controllers/school.py: 0
[2013-10-19 15:25:10] EDIT schoolApp/controllers/school.py: 0
[2013-10-19 15:25:10] EDIT schoolApp/controllers/school.py: 0
[2013-10-19 15:25:10] EDIT schoolApp/controllers/school.py: 0
[2013-10-19 15:25:10] EDIT schoolApp/controllers/school.py: 0
[2013-10-19 15:25:10] EDIT schoolApp/controllers/school.py: 0
[2013-10-19 15:25:10] EDIT schoolApp/controllers/school.py: 0
[2013-10-19 15:25:10] EDIT schoolApp/controllers/school.py: 0
[2013-10-19 15:25:10] EDIT schoolApp/controllers/school.py: 0
[2013-10-19 15:25:11] EDIT schoolApp/controllers/school.py: 0
[2013-10-19 15:25:11] EDIT schoolApp/controllers/school.py: 0
[2013-10-19 15:25:11] EDIT schoolApp/controllers/school.py: 0
[2013-10-19 15:25:11] EDIT schoolApp/controllers/school.py: 0
[2013-10-19 15:25:11] EDIT schoolApp/controllers/school.py: 0
[2013-10-19 15:26:57] EDIT schoolApp/views/school/admin.html: 1
[2013-10-19 15:26:57] EDIT schoolApp/views/school/admin.html: 0
[2013-10-19 15:29:01] EDIT schoolApp/views/popover.html: 0
[2013-10-19 15:29:01] EDIT schoolApp/views/popover.html: 0
[2013-10-19 15:29:02] EDIT schoolApp/views/popover.html: 0
[2013-10-19 15:29:02] EDIT schoolApp/views/popover.html: 0
[2013-10-19 15:29:02] EDIT schoolApp/views/popover.html: 0
[2013-10-19 15:29:02] EDIT schoolApp/views/popover.html: 0
[2013-10-19 15:29:02] EDIT schoolApp/views/popover.html: 0
[2013-10-19 15:29:02] EDIT schoolApp/views/popover.html: 0
[2013-10-19 15:29:02] EDIT schoolApp/views/popover.html: 0
[2013-10-19 15:29:02] EDIT schoolApp/views/popover.html: 0
[2013-10-19 15:30:03] EDIT schoolApp/views/popover.html: 0
[2013-10-19 15:30:04] EDIT schoolApp/views/popover.html: 0
[2013-10-19 15:30:04] EDIT schoolApp/views/popover.html: 0
[2013-10-19 15:30:04] EDIT schoolApp/views/popover.html: 0
[2013-10-19 15:30:14] EDIT schoolApp/views/popover.html: 0
[2013-10-19 15:30:14] EDIT schoolApp/views/popover.html: 0
[2013-10-19 15:30:14] EDIT schoolApp/views/popover.html: 0
[2013-10-19 15:30:15] EDIT schoolApp/views/popover.html: 0
[2013-10-19 15:30:15] EDIT schoolApp/views/popover.html: 0
[2013-10-19 15:30:15] EDIT schoolApp/views/popover.html: 0
[2013-10-19 15:30:15] EDIT schoolApp/views/popover.html: 0
[2013-10-19 15:30:15] EDIT schoolApp/views/popover.html: 0
[2013-10-19 15:30:16] EDIT schoolApp/views/popover.html: 0
[2013-10-19 15:30:16] EDIT schoolApp/views/popover.html: 0
[2013-10-19 15:30:16] EDIT schoolApp/views/popover.html: 0
[2013-10-19 15:30:16] EDIT schoolApp/views/popover.html: 0
[2013-10-19 15:30:17] EDIT schoolApp/views/popover.html: 0
[2013-10-19 15:30:17] EDIT schoolApp/views/popover.html: 0
[2013-10-19 15:30:17] EDIT schoolApp/views/popover.html: 0
[2013-10-19 15:30:17] EDIT schoolApp/views/popover.html: 0
[2013-10-19 15:30:17] EDIT schoolApp/views/popover.html: 0
[2013-10-19 15:30:18] EDIT schoolApp/views/popover.html: 0
[2013-10-19 15:30:18] EDIT schoolApp/views/popover.html: 0
[2013-10-19 15:30:18] EDIT schoolApp/views/popover.html: 0
[2013-10-19 15:31:41] EDIT schoolApp/views/layout.html: 0
[2013-10-19 15:31:41] EDIT schoolApp/views/layout.html: 0
[2013-10-19 15:31:41] EDIT schoolApp/views/layout.html: 0
[2013-10-19 15:31:42] EDIT schoolApp/views/layout.html: 0
[2013-10-19 15:31:42] EDIT schoolApp/views/layout.html: 0
[2013-10-19 15:31:42] EDIT schoolApp/views/layout.html: 0
[2013-10-19 15:31:43] EDIT schoolApp/views/layout.html: 0
[2013-10-19 15:32:16] EDIT schoolApp/views/layout.html: 0
[2013-10-19 15:32:47] EDIT schoolApp/views/layout.html: 0
[2013-10-19 15:32:47] EDIT schoolApp/views/layout.html: 0
[2013-10-19 15:33:14] EDIT schoolApp/views/layout.html: 0
[2013-10-19 15:33:15] EDIT schoolApp/views/layout.html: 0
[2013-10-19 15:33:15] EDIT schoolApp/views/layout.html: 0
[2013-10-19 15:33:15] EDIT schoolApp/views/layout.html: 0
[2013-10-19 15:33:16] EDIT schoolApp/views/layout.html: 0
[2013-10-19 15:33:16] EDIT schoolApp/views/layout.html: 0
[2013-10-19 15:33:16] EDIT schoolApp/views/layout.html: 0
[2013-10-19 15:33:16] EDIT schoolApp/views/layout.html: 0
[2013-10-19 15:33:16] EDIT schoolApp/views/layout.html: 0
[2013-10-19 16:04:47] EDIT schoolApp/views/popover.html: 0
[2013-10-19 16:04:47] EDIT schoolApp/views/popover.html: 0
[2013-10-19 16:05:09] EDIT schoolApp/views/popover.html: 0
[2013-10-19 16:05:09] EDIT schoolApp/views/popover.html: 0
[2013-10-19 16:05:10] EDIT schoolApp/views/popover.html: 0
[2013-10-19 16:05:20] EDIT schoolApp/views/popover.html: 0
[2013-10-19 16:05:21] EDIT schoolApp/views/popover.html: 0
[2013-10-19 16:05:21] EDIT schoolApp/views/popover.html: 0
[2013-10-19 16:07:18] EDIT schoolApp/views/popover.html: 0
[2013-10-19 16:07:18] EDIT schoolApp/views/popover.html: 0
[2013-10-19 16:07:18] EDIT schoolApp/views/popover.html: 0
[2013-10-19 16:07:19] EDIT schoolApp/views/popover.html: 0
[2013-10-19 16:07:19] EDIT schoolApp/views/popover.html: 0
[2013-10-19 16:08:29] EDIT schoolApp/views/popover.html: 0
[2013-10-19 16:08:29] EDIT schoolApp/views/popover.html: 0
[2013-10-19 16:08:29] EDIT schoolApp/views/popover.html: 0
[2013-10-19 16:12:06] EDIT schoolApp/views/popover.html: 0
[2013-10-19 16:12:06] EDIT schoolApp/views/popover.html: 0
[2013-10-19 16:12:07] EDIT schoolApp/views/popover.html: 0
[2013-10-19 16:21:30] EDIT schoolApp/controllers/school.py: 0
[2013-10-19 16:23:21] EDIT schoolApp/controllers/school.py: 0
[2013-10-19 16:23:21] EDIT schoolApp/controllers/school.py: 0
[2013-10-19 16:24:13] EDIT schoolApp/controllers/school.py: 0
[2013-10-19 16:24:13] EDIT schoolApp/controllers/school.py: 0
[2013-10-19 16:24:13] EDIT schoolApp/controllers/school.py: 0
[2013-10-19 16:29:37] EDIT schoolApp/views/popover.html: 0
[2013-10-19 16:29:38] EDIT schoolApp/views/popover.html: 0
[2013-10-19 16:29:38] EDIT schoolApp/views/popover.html: 0
[2013-10-19 16:29:38] EDIT schoolApp/views/popover.html: 0
[2013-10-19 16:29:38] EDIT schoolApp/views/popover.html: 0
[2013-10-19 16:29:38] EDIT schoolApp/views/popover.html: 0
[2013-10-19 16:29:39] EDIT schoolApp/views/popover.html: 0
[2013-10-19 16:29:39] EDIT schoolApp/views/popover.html: 0
[2013-10-19 16:29:39] EDIT schoolApp/views/popover.html: 0
[2013-10-19 16:29:39] EDIT schoolApp/views/popover.html: 0
[2013-10-19 16:29:39] EDIT schoolApp/views/popover.html: 0
[2013-10-19 16:29:40] EDIT schoolApp/views/popover.html: 0
[2013-10-19 16:29:40] EDIT schoolApp/views/popover.html: 0
[2013-10-19 16:29:40] EDIT schoolApp/views/popover.html: 0
[2013-10-19 16:29:40] EDIT schoolApp/views/popover.html: 0
[2013-10-19 16:29:40] EDIT schoolApp/views/popover.html: 0
[2013-10-19 16:29:41] EDIT schoolApp/views/popover.html: 0
[2013-10-19 16:29:41] EDIT schoolApp/views/popover.html: 0
[2013-10-19 16:29:41] EDIT schoolApp/views/popover.html: 0
[2013-10-19 16:29:41] EDIT schoolApp/views/popover.html: 0
[2013-10-19 16:29:42] EDIT schoolApp/views/popover.html: 0
[2013-10-19 16:29:42] EDIT schoolApp/views/popover.html: 0
[2013-10-19 16:29:42] EDIT schoolApp/views/popover.html: 0
[2013-10-19 16:30:07] EDIT schoolApp/controllers/school.py: 0
[2013-10-19 16:31:34] EDIT schoolApp/views/popover.html: 0
[2013-10-19 16:31:35] EDIT schoolApp/views/popover.html: 0
[2013-10-19 16:31:35] EDIT schoolApp/views/popover.html: 0
[2013-10-19 16:31:35] EDIT schoolApp/views/popover.html: 0
[2013-10-19 16:31:35] EDIT schoolApp/views/popover.html: 0
[2013-10-19 16:31:36] EDIT schoolApp/views/popover.html: 0
[2013-10-19 16:31:36] EDIT schoolApp/views/popover.html: 0
[2013-10-19 16:31:36] EDIT schoolApp/views/popover.html: 0
[2013-10-19 16:31:38] EDIT schoolApp/views/popover.html: 0
[2013-10-19 16:31:38] EDIT schoolApp/views/popover.html: 0
[2013-10-19 16:31:38] EDIT schoolApp/views/popover.html: 0
[2013-10-19 16:31:40] EDIT schoolApp/views/popover.html: 0
[2013-10-19 16:31:40] EDIT schoolApp/views/popover.html: 0
[2013-10-19 16:31:40] EDIT schoolApp/views/popover.html: 0
[2013-10-19 16:31:40] EDIT schoolApp/views/popover.html: 0
[2013-10-19 16:31:40] EDIT schoolApp/views/popover.html: 0
[2013-10-19 16:31:40] EDIT schoolApp/views/popover.html: 0
[2013-10-19 16:31:41] EDIT schoolApp/views/popover.html: 0
[2013-10-19 16:31:41] EDIT schoolApp/views/popover.html: 0
[2013-10-19 16:31:41] EDIT schoolApp/views/popover.html: 0
[2013-10-19 16:31:41] EDIT schoolApp/views/popover.html: 0
[2013-10-19 16:31:41] EDIT schoolApp/views/popover.html: 0
[2013-10-19 16:31:41] EDIT schoolApp/views/popover.html: 0
[2013-10-19 16:31:41] EDIT schoolApp/views/popover.html: 0
[2013-10-19 16:31:41] EDIT schoolApp/views/popover.html: 0
[2013-10-19 16:31:41] EDIT schoolApp/views/popover.html: 0
[2013-10-19 16:31:41] EDIT schoolApp/views/popover.html: 0
[2013-10-19 16:31:41] EDIT schoolApp/views/popover.html: 0
[2013-10-19 16:31:41] EDIT schoolApp/views/popover.html: 0
[2013-10-19 16:31:41] EDIT schoolApp/views/popover.html: 0
[2013-10-19 16:31:41] EDIT schoolApp/views/popover.html: 0
[2013-10-19 16:31:42] EDIT schoolApp/views/popover.html: 0
[2013-10-19 16:31:42] EDIT schoolApp/views/popover.html: 0
[2013-10-19 16:31:42] EDIT schoolApp/views/popover.html: 0
[2013-10-19 16:31:42] EDIT schoolApp/views/popover.html: 0
[2013-10-19 16:31:42] EDIT schoolApp/views/popover.html: 0
[2013-10-19 16:31:42] EDIT schoolApp/views/popover.html: 0
[2013-10-19 16:31:42] EDIT schoolApp/views/popover.html: 0
[2013-10-19 16:31:42] EDIT schoolApp/views/popover.html: 0
[2013-10-19 16:31:42] EDIT schoolApp/views/popover.html: 0
[2013-10-19 16:31:42] EDIT schoolApp/views/popover.html: 0
[2013-10-19 16:31:42] EDIT schoolApp/views/popover.html: 0
[2013-10-19 16:31:42] EDIT schoolApp/views/popover.html: 0
[2013-10-19 16:31:42] EDIT schoolApp/views/popover.html: 0
[2013-10-19 16:31:43] EDIT schoolApp/views/popover.html: 0
[2013-10-19 16:31:43] EDIT schoolApp/views/popover.html: 0
[2013-10-19 16:31:43] EDIT schoolApp/views/popover.html: 0
[2013-10-19 16:31:43] EDIT schoolApp/views/popover.html: 0
[2013-10-19 16:31:43] EDIT schoolApp/views/popover.html: 0
[2013-10-19 16:31:43] EDIT schoolApp/views/popover.html: 0
[2013-10-19 16:31:43] EDIT schoolApp/views/popover.html: 0
[2013-10-19 16:31:43] EDIT schoolApp/views/popover.html: 0
[2013-10-19 16:31:43] EDIT schoolApp/views/popover.html: 0
[2013-10-19 16:31:43] EDIT schoolApp/views/popover.html: 0
[2013-10-19 16:31:43] EDIT schoolApp/views/popover.html: 0
[2013-10-19 16:31:43] EDIT schoolApp/views/popover.html: 0
[2013-10-19 16:31:44] EDIT schoolApp/views/popover.html: 0
[2013-10-19 16:31:44] EDIT schoolApp/views/popover.html: 0
[2013-10-19 16:31:44] EDIT schoolApp/views/popover.html: 0
[2013-10-19 16:31:44] EDIT schoolApp/views/popover.html: 0
[2013-10-19 16:31:44] EDIT schoolApp/views/popover.html: 0
[2013-10-19 16:31:44] EDIT schoolApp/views/popover.html: 0
[2013-10-19 16:31:44] EDIT schoolApp/views/popover.html: 0
[2013-10-19 16:31:44] EDIT schoolApp/views/popover.html: 0
[2013-10-19 16:31:44] EDIT schoolApp/views/popover.html: 0
[2013-10-19 16:31:44] EDIT schoolApp/views/popover.html: 0
[2013-10-19 16:31:44] EDIT schoolApp/views/popover.html: 0
[2013-10-19 16:31:44] EDIT schoolApp/views/popover.html: 0
[2013-10-19 16:31:44] EDIT schoolApp/views/popover.html: 0
[2013-10-19 16:31:44] EDIT schoolApp/views/popover.html: 0
[2013-10-19 16:31:45] EDIT schoolApp/views/popover.html: 0
[2013-10-19 16:31:45] EDIT schoolApp/views/popover.html: 0
[2013-10-19 16:31:45] EDIT schoolApp/views/popover.html: 0
[2013-10-19 16:31:45] EDIT schoolApp/views/popover.html: 0
[2013-10-19 16:31:45] EDIT schoolApp/views/popover.html: 0
[2013-10-19 16:31:45] EDIT schoolApp/views/popover.html: 0
[2013-10-19 16:31:45] EDIT schoolApp/views/popover.html: 0
[2013-10-19 16:31:45] EDIT schoolApp/views/popover.html: 0
[2013-10-19 16:31:45] EDIT schoolApp/views/popover.html: 0
[2013-10-19 16:31:45] EDIT schoolApp/views/popover.html: 0
[2013-10-19 16:31:45] EDIT schoolApp/views/popover.html: 0
[2013-10-19 16:31:45] EDIT schoolApp/views/popover.html: 0
[2013-10-19 16:31:46] EDIT schoolApp/views/popover.html: 0
[2013-10-19 16:31:46] EDIT schoolApp/views/popover.html: 0
[2013-10-19 16:31:46] EDIT schoolApp/views/popover.html: 0
[2013-10-19 16:31:46] EDIT schoolApp/views/popover.html: 0
[2013-10-19 16:31:46] EDIT schoolApp/views/popover.html: 0
[2013-10-19 16:31:46] EDIT schoolApp/views/popover.html: 0
[2013-10-19 16:31:46] EDIT schoolApp/views/popover.html: 0
[2013-10-19 16:31:46] EDIT schoolApp/views/popover.html: 0
[2013-10-19 16:31:46] EDIT schoolApp/views/popover.html: 0
[2013-10-19 16:31:46] EDIT schoolApp/views/popover.html: 0
[2013-10-19 16:31:46] EDIT schoolApp/views/popover.html: 0
[2013-10-19 16:31:46] EDIT schoolApp/views/popover.html: 0
[2013-10-19 16:31:46] EDIT schoolApp/views/popover.html: 0
[2013-10-19 16:31:47] EDIT schoolApp/views/popover.html: 0
[2013-10-19 16:31:47] EDIT schoolApp/views/popover.html: 0
[2013-10-19 16:31:47] EDIT schoolApp/views/popover.html: 0
[2013-10-19 16:31:47] EDIT schoolApp/views/popover.html: 0
[2013-10-19 16:31:47] EDIT schoolApp/views/popover.html: 0
[2013-10-19 16:31:47] EDIT schoolApp/views/popover.html: 0
[2013-10-19 16:31:47] EDIT schoolApp/views/popover.html: 0
[2013-10-19 16:31:47] EDIT schoolApp/views/popover.html: 0
[2013-10-19 16:31:47] EDIT schoolApp/views/popover.html: 0
[2013-10-19 16:31:47] EDIT schoolApp/views/popover.html: 0
[2013-10-19 16:31:47] EDIT schoolApp/views/popover.html: 0
[2013-10-19 16:31:47] EDIT schoolApp/views/popover.html: 0
[2013-10-19 16:31:47] EDIT schoolApp/views/popover.html: 0
[2013-10-19 16:31:47] EDIT schoolApp/views/popover.html: 0
[2013-10-19 16:31:48] EDIT schoolApp/views/popover.html: 0
[2013-10-19 16:31:48] EDIT schoolApp/views/popover.html: 0
[2013-10-19 16:31:48] EDIT schoolApp/views/popover.html: 0
[2013-10-19 16:31:48] EDIT schoolApp/views/popover.html: 0
[2013-10-19 16:31:48] EDIT schoolApp/views/popover.html: 0
[2013-10-19 16:31:48] EDIT schoolApp/views/popover.html: 0
[2013-10-19 16:31:48] EDIT schoolApp/views/popover.html: 0
[2013-10-19 16:31:48] EDIT schoolApp/views/popover.html: 0
[2013-10-19 16:31:48] EDIT schoolApp/views/popover.html: 0
[2013-10-19 16:31:48] EDIT schoolApp/views/popover.html: 0
[2013-10-19 16:31:48] EDIT schoolApp/views/popover.html: 0
[2013-10-19 16:31:48] EDIT schoolApp/views/popover.html: 0
[2013-10-19 16:31:48] EDIT schoolApp/views/popover.html: 0
[2013-10-19 16:31:49] EDIT schoolApp/views/popover.html: 0
[2013-10-19 16:31:49] EDIT schoolApp/views/popover.html: 0
[2013-10-19 16:31:49] EDIT schoolApp/views/popover.html: 0
[2013-10-19 16:31:49] EDIT schoolApp/views/popover.html: 0
[2013-10-19 16:31:49] EDIT schoolApp/views/popover.html: 0
[2013-10-19 16:31:49] EDIT schoolApp/views/popover.html: 0
[2013-10-19 16:31:49] EDIT schoolApp/views/popover.html: 0
[2013-10-19 16:31:49] EDIT schoolApp/views/popover.html: 0
[2013-10-19 16:31:49] EDIT schoolApp/views/popover.html: 0
[2013-10-19 16:31:49] EDIT schoolApp/views/popover.html: 0
[2013-10-19 16:31:49] EDIT schoolApp/views/popover.html: 0
[2013-10-19 16:31:49] EDIT schoolApp/views/popover.html: 0
[2013-10-19 16:31:49] EDIT schoolApp/views/popover.html: 0
[2013-10-19 16:31:49] EDIT schoolApp/views/popover.html: 0
[2013-10-19 16:31:49] EDIT schoolApp/views/popover.html: 0
[2013-10-19 16:31:49] EDIT schoolApp/views/popover.html: 0
[2013-10-19 16:31:50] EDIT schoolApp/views/popover.html: 0
[2013-10-19 16:31:50] EDIT schoolApp/views/popover.html: 0
[2013-10-19 16:31:50] EDIT schoolApp/views/popover.html: 0
[2013-10-19 16:31:50] EDIT schoolApp/views/popover.html: 0
[2013-10-19 16:31:50] EDIT schoolApp/views/popover.html: 0
[2013-10-19 16:31:50] EDIT schoolApp/views/popover.html: 0
[2013-10-19 16:31:50] EDIT schoolApp/views/popover.html: 0
[2013-10-19 16:31:50] EDIT schoolApp/views/popover.html: 0
[2013-10-19 16:31:50] EDIT schoolApp/views/popover.html: 0
[2013-10-19 16:31:50] EDIT schoolApp/views/popover.html: 0
[2013-10-19 16:31:50] EDIT schoolApp/views/popover.html: 0
[2013-10-19 16:31:50] EDIT schoolApp/views/popover.html: 0
[2013-10-19 16:31:50] EDIT schoolApp/views/popover.html: 0
[2013-10-19 16:31:50] EDIT schoolApp/views/popover.html: 0
[2013-10-19 16:31:51] EDIT schoolApp/views/popover.html: 0
[2013-10-19 16:31:51] EDIT schoolApp/views/popover.html: 0
[2013-10-19 16:31:51] EDIT schoolApp/views/popover.html: 0
[2013-10-19 16:31:51] EDIT schoolApp/views/popover.html: 0
[2013-10-19 16:31:51] EDIT schoolApp/views/popover.html: 0
[2013-10-19 16:31:51] EDIT schoolApp/views/popover.html: 0
[2013-10-19 16:31:51] EDIT schoolApp/views/popover.html: 0
[2013-10-19 16:31:51] EDIT schoolApp/views/popover.html: 0
[2013-10-19 16:31:51] EDIT schoolApp/views/popover.html: 0
[2013-10-19 16:31:51] EDIT schoolApp/views/popover.html: 0
[2013-10-19 16:31:51] EDIT schoolApp/views/popover.html: 0
[2013-10-19 16:31:51] EDIT schoolApp/views/popover.html: 0
[2013-10-19 16:31:51] EDIT schoolApp/views/popover.html: 0
[2013-10-19 16:31:52] EDIT schoolApp/views/popover.html: 0
[2013-10-19 16:31:52] EDIT schoolApp/views/popover.html: 0
[2013-10-19 16:31:52] EDIT schoolApp/views/popover.html: 0
[2013-10-19 16:31:52] EDIT schoolApp/views/popover.html: 0
[2013-10-19 16:31:52] EDIT schoolApp/views/popover.html: 0
[2013-10-19 16:31:52] EDIT schoolApp/views/popover.html: 0
[2013-10-19 16:31:52] EDIT schoolApp/views/popover.html: 0
[2013-10-19 16:31:52] EDIT schoolApp/views/popover.html: 0
[2013-10-19 16:31:52] EDIT schoolApp/views/popover.html: 0
[2013-10-19 16:31:52] EDIT schoolApp/views/popover.html: 0
[2013-10-19 16:31:52] EDIT schoolApp/views/popover.html: 0
[2013-10-19 16:34:25] EDIT schoolApp/views/popover.html: 0
[2013-10-19 16:34:26] EDIT schoolApp/views/popover.html: 0
[2013-10-19 16:34:26] EDIT schoolApp/views/popover.html: 0
[2013-10-19 16:34:26] EDIT schoolApp/views/popover.html: 0
[2013-10-19 16:34:42] EDIT schoolApp/views/popover.html: 0
[2013-10-19 16:34:42] EDIT schoolApp/views/popover.html: 0
[2013-10-19 16:34:43] EDIT schoolApp/views/popover.html: 0
[2013-10-19 16:35:03] EDIT schoolApp/controllers/school.py: 0
[2013-10-19 16:35:03] EDIT schoolApp/controllers/school.py: 0
[2013-10-19 16:35:03] EDIT schoolApp/controllers/school.py: 0
[2013-10-19 16:45:18] EDIT schoolApp/models/school/a.py: 0
[2013-10-19 16:45:19] EDIT schoolApp/models/school/a.py: 0
[2013-10-19 16:45:19] EDIT schoolApp/models/school/a.py: 0
[2013-10-19 16:45:19] EDIT schoolApp/models/school/a.py: 0
[2013-10-19 16:45:19] EDIT schoolApp/models/school/a.py: 0
[2013-10-19 16:45:19] EDIT schoolApp/models/school/a.py: 0
[2013-10-19 16:45:20] EDIT schoolApp/models/school/a.py: 0
[2013-10-19 16:46:40] EDIT schoolApp/models/db.py: 4
[2013-10-19 16:46:40] EDIT schoolApp/models/db.py: 0
[2013-10-19 16:46:45] EDIT schoolApp/models/db.py: 0
[2013-10-19 16:46:45] EDIT schoolApp/models/db.py: 0
[2013-10-19 16:46:45] EDIT schoolApp/models/db.py: 0
[2013-10-19 16:46:45] EDIT schoolApp/models/db.py: 0
[2013-10-19 16:46:46] EDIT schoolApp/models/db.py: 0
[2013-10-19 16:46:46] EDIT schoolApp/models/db.py: 0
[2013-10-19 16:47:52] EDIT schoolApp/controllers/school.py: 3
[2013-10-19 16:47:52] EDIT schoolApp/controllers/school.py: 0
[2013-10-19 16:47:52] EDIT schoolApp/controllers/school.py: 0
[2013-10-19 16:47:53] EDIT schoolApp/controllers/school.py: 0
[2013-10-19 16:47:53] EDIT schoolApp/controllers/school.py: 0
[2013-10-19 16:50:36] EDIT schoolApp/models/db.py: 1
[2013-10-19 16:50:36] EDIT schoolApp/models/db.py: 0
[2013-10-19 16:50:36] EDIT schoolApp/models/db.py: 0
[2013-10-19 16:50:36] EDIT schoolApp/models/db.py: 0
[2013-10-19 16:50:36] EDIT schoolApp/models/db.py: 0
[2013-10-19 16:50:37] EDIT schoolApp/models/db.py: 0
[2013-10-19 16:50:37] EDIT schoolApp/models/db.py: 0
[2013-10-19 16:50:37] EDIT schoolApp/models/db.py: 0
[2013-10-19 16:50:37] EDIT schoolApp/models/db.py: 0
[2013-10-19 16:50:37] EDIT schoolApp/models/db.py: 0
[2013-10-19 16:50:38] EDIT schoolApp/models/db.py: 0
[2013-10-19 16:50:38] EDIT schoolApp/models/db.py: 0
[2013-10-19 16:50:38] EDIT schoolApp/models/db.py: 0
[2013-10-19 16:50:38] EDIT schoolApp/models/db.py: 0
[2013-10-19 16:50:39] EDIT schoolApp/models/db.py: 0
[2013-10-19 16:52:41] EDIT schoolApp/controllers/school.py: 0
[2013-10-20 22:05:44] EDIT schoolApp/views/school/admin.html: -1
[2013-10-20 22:06:29] EDIT schoolApp/views/school/admin.html: 1
[2013-10-31 00:08:51] EDIT schoolApp10/models/db.py: 0
[2013-10-31 23:33:32] EDIT schoolApp10/controllers/school.py: 1
[2013-11-01 01:18:56] EDIT schoolApp10/views/school/attendance.html: 0
[2013-11-01 01:30:15] EDIT schoolApp10/controllers/school.py: 1
[2013-11-01 16:04:44] EDIT schoolApp10/models/db.py: 6
[2013-11-01 16:07:05] EDIT schoolApp10/models/db.py: -1
[2013-11-01 16:12:46] EDIT schoolApp10/models/db.py: -1
[2013-11-01 16:13:28] EDIT schoolApp10/models/db.py: 1
[2013-11-01 16:14:00] EDIT schoolApp10/models/db.py: 0
[2013-11-01 16:14:10] EDIT schoolApp10/models/db.py: 0
[2013-11-01 16:14:20] EDIT schoolApp10/models/db.py: 0
[2013-11-01 16:22:40] EDIT schoolApp10/models/db.py: 1
[2013-11-01 20:52:00] EDIT schoolApp10/controllers/school.py: 9
[2013-11-01 20:56:02] EDIT schoolApp10/controllers/school.py: -1
[2013-11-01 21:41:44] EDIT schoolApp10/controllers/school.py: 0
[2013-11-01 22:12:33] EDIT schoolApp10/controllers/school.py: 0
[2013-11-01 22:15:19] EDIT schoolApp10/controllers/school.py: 0
[2013-11-01 22:49:13] EDIT schoolApp10/controllers/school.py: 1
[2013-11-01 23:00:27] EDIT schoolApp10/controllers/school.py: 0
[2013-11-01 23:01:31] EDIT schoolApp10/controllers/school.py: 0
[2013-11-01 23:01:56] EDIT schoolApp10/controllers/school.py: 0
[2013-11-01 23:02:14] EDIT schoolApp10/controllers/school.py: 0
[2013-11-01 23:47:29] EDIT schoolApp10/controllers/school.py: 0
[2013-11-01 23:48:49] EDIT schoolApp10/controllers/school.py: 0
[2013-11-02 00:32:32] EDIT schoolApp10/controllers/school.py: 0
[2013-11-02 00:34:25] EDIT schoolApp10/controllers/school.py: 0
[2013-11-02 00:35:55] EDIT schoolApp10/controllers/school.py: 0
[2013-11-02 00:37:51] EDIT schoolApp10/controllers/school.py: 0
[2013-11-02 00:38:20] EDIT schoolApp10/controllers/school.py: 0
[2013-11-02 00:38:44] EDIT schoolApp10/controllers/school.py: 0
[2013-11-02 00:51:16] EDIT schoolApp10/controllers/school.py: 0
[2013-11-02 01:06:33] EDIT schoolApp10/controllers/school.py: 0
[2013-11-02 01:07:01] EDIT schoolApp10/controllers/school.py: 0
[2013-11-02 01:12:35] EDIT schoolApp10/controllers/school.py: 0
[2013-11-02 01:39:46] EDIT schoolApp10/controllers/school.py: 2
[2013-11-02 01:41:00] EDIT schoolApp10/controllers/school.py: 0
[2013-11-02 01:41:11] EDIT schoolApp10/controllers/school.py: 0
[2013-11-02 01:41:15] EDIT schoolApp10/controllers/school.py: 0
[2013-11-02 01:43:10] EDIT schoolApp10/controllers/school.py: 0
[2013-11-02 01:43:36] EDIT schoolApp10/controllers/school.py: 0
[2013-11-02 01:45:57] EDIT schoolApp10/controllers/school.py: 0
[2013-11-02 01:49:45] EDIT schoolApp10/controllers/school.py: 0
[2013-11-02 01:50:11] EDIT schoolApp10/controllers/school.py: 0
[2013-11-02 02:02:26] EDIT schoolApp10/controllers/school.py: 0
[2013-11-02 02:03:09] EDIT schoolApp10/controllers/school.py: 0
[2013-11-02 02:04:35] EDIT schoolApp10/controllers/school.py: 1
[2013-11-02 02:04:42] EDIT schoolApp10/controllers/school.py: 0
[2013-11-02 02:12:07] EDIT schoolApp10/controllers/school.py: 0
[2013-11-02 02:12:23] EDIT schoolApp10/controllers/school.py: 0
[2013-11-02 02:13:27] EDIT schoolApp10/controllers/school.py: 0
[2013-11-02 02:22:13] EDIT schoolApp10/controllers/school.py: 0
[2013-11-02 02:24:51] EDIT schoolApp10/controllers/school.py: 0
[2013-11-02 02:34:02] EDIT schoolApp10/controllers/school.py: 0
[2013-11-02 02:37:02] EDIT schoolApp10/controllers/school.py: 0
[2013-11-02 02:38:07] EDIT schoolApp10/controllers/school.py: 0
[2013-11-02 02:38:47] EDIT schoolApp10/controllers/school.py: 0
[2013-11-02 02:39:57] EDIT schoolApp10/controllers/school.py: 0
[2013-11-05 00:08:09] EDIT schoolApp10/controllers/school.py: 0
[2013-11-05 00:08:21] EDIT schoolApp10/controllers/school.py: 0
[2013-11-05 00:08:50] EDIT schoolApp10/controllers/school.py: 0
[2013-11-05 00:11:51] EDIT schoolApp10/views/school/attendance.html: 1
[2013-11-05 00:16:15] EDIT schoolApp10/views/school/attendance.html: 0
[2013-11-05 00:18:54] EDIT schoolApp10/controllers/school.py: 0
[2013-11-05 00:19:14] EDIT schoolApp10/controllers/school.py: 0
[2013-11-05 00:19:31] EDIT schoolApp10/controllers/school.py: 0
[2013-11-05 00:19:50] EDIT schoolApp10/controllers/school.py: 0
[2013-11-05 00:20:44] EDIT schoolApp10/controllers/school.py: 0
[2013-11-05 00:23:30] EDIT schoolApp10/views/school/attendance.html: 0
[2013-11-05 00:32:06] EDIT schoolApp10/views/school/attendance.html: 4
[2013-11-05 00:32:14] EDIT schoolApp10/views/school/attendance.html: 0
[2013-11-05 00:32:55] EDIT schoolApp10/views/school/attendance.html: 0
[2013-11-05 00:35:48] EDIT schoolApp10/views/school/attendance.html: 0
[2013-11-05 00:36:46] EDIT schoolApp10/views/school/attendance.html: 0
[2013-11-05 00:37:30] EDIT schoolApp10/views/school/attendance.html: 0
[2013-11-05 00:38:14] EDIT schoolApp10/views/school/attendance.html: 0
[2013-11-05 00:40:53] EDIT schoolApp10/views/school/attendance.html: 3
[2013-11-05 00:41:03] EDIT schoolApp10/views/school/attendance.html: 0
[2013-11-05 00:42:34] EDIT schoolApp10/views/school/attendance.html: 1
[2013-11-05 00:43:06] EDIT schoolApp10/views/school/attendance.html: 0
[2013-11-05 00:44:20] EDIT schoolApp10/views/school/attendance.html: 0
[2013-11-05 00:46:32] EDIT schoolApp10/views/school/attendance.html: 0
[2013-11-05 00:48:55] EDIT schoolApp10/views/school/attendance.html: 1
[2013-11-05 00:49:47] EDIT schoolApp10/views/school/attendance.html: 0
[2013-11-05 00:50:11] EDIT schoolApp10/views/school/attendance.html: 0
[2013-11-05 00:50:40] EDIT schoolApp10/views/school/attendance.html: -1
[2013-11-05 00:50:52] EDIT schoolApp10/views/school/attendance.html: 0
[2013-11-05 00:52:52] EDIT schoolApp10/views/school/attendance.html: 0
[2013-11-05 00:52:55] EDIT schoolApp10/views/school/attendance.html: 0
[2013-11-05 00:53:01] EDIT schoolApp10/views/school/attendance.html: 0
[2013-11-05 01:01:14] EDIT schoolApp10/views/school/attendance.html: 6
[2013-11-05 01:01:41] EDIT schoolApp10/views/school/attendance.html: -14
[2013-11-05 01:03:01] EDIT schoolApp10/views/school/attendance.html: 1
[2013-11-05 01:04:12] EDIT schoolApp10/views/school/attendance.html: 0
[2013-11-05 01:04:51] EDIT schoolApp10/views/school/attendance.html: 0
[2013-11-05 01:05:22] EDIT schoolApp10/views/school/attendance.html: 0
[2013-11-05 01:08:56] EDIT schoolApp10/views/school/attendance.html: 0
[2013-11-05 01:11:16] EDIT schoolApp10/views/school/attendance.html: 1
[2013-11-05 01:11:24] EDIT schoolApp10/views/school/attendance.html: 0
[2013-11-05 01:12:02] EDIT schoolApp10/views/school/attendance.html: 0
[2013-11-05 01:16:44] EDIT schoolApp10/views/school/attendance.html: 0
[2013-11-05 01:18:03] EDIT schoolApp10/views/school/attendance.html: 0
[2013-11-05 01:18:14] EDIT schoolApp10/views/school/attendance.html: 0
[2013-11-05 01:18:30] EDIT schoolApp10/views/school/attendance.html: 0
[2013-11-05 01:30:18] EDIT schoolApp10/views/school/attendance.html: 0
[2013-11-05 01:31:52] EDIT schoolApp10/views/school/attendance.html: 0
[2013-11-05 01:32:15] EDIT schoolApp10/views/school/attendance.html: 0
[2013-11-05 01:35:45] EDIT schoolApp10/views/school/attendance.html: 2
[2013-11-05 01:42:20] EDIT schoolApp10/views/school/attendance.html: 1
[2013-11-05 01:42:34] EDIT schoolApp10/views/school/attendance.html: 0
[2013-11-05 10:56:47] EDIT schoolApp10/views/school/attendance.html: 19
[2013-11-05 10:57:10] EDIT schoolApp10/views/school/attendance.html: 0
[2013-11-05 10:57:34] EDIT schoolApp10/views/school/attendance.html: 0
[2013-11-05 10:57:53] EDIT schoolApp10/views/school/attendance.html: -3
[2013-11-05 11:00:04] EDIT schoolApp10/views/school/attendance.html: -2
[2013-11-05 11:01:40] EDIT schoolApp10/views/school/attendance.html: -19
[2013-11-05 11:03:45] EDIT schoolApp10/views/school/attendance.html: -3
[2013-11-05 11:06:09] EDIT schoolApp10/views/school/attendance.html: 1
