timestamp: 2013-10-17T16:04:57.173000
CREATE TABLE school_bs(
    id INT AUTO_INCREMENT NOT NULL,
    school_nm VARCHAR(50),
    city VARCHAR(50),
    PRIMARY KEY(id)
) ENGINE=InnoDB CHARACTER SET utf8;
success!
timestamp: 2013-10-17T16:04:57.230000
CREATE TABLE class_bs(
    id INT AUTO_INCREMENT NOT NULL,
    class_nm VARCHAR(50),
    PRIMARY KEY(id)
) ENGINE=InnoDB CHARACTER SET utf8;
success!
timestamp: 2013-10-17T16:04:57.279000
CREATE TABLE section_bs(
    id INT AUTO_INCREMENT NOT NULL,
    section_nm VARCHAR(50),
    PRIMARY KEY(id)
) ENGINE=InnoDB CHARACTER SET utf8;
success!
timestamp: 2013-10-17T16:04:57.329000
CREATE TABLE subject_bs(
    id INT AUTO_INCREMENT NOT NULL,
    subject_nm VARCHAR(50),
    PRIMARY KEY(id)
) ENGINE=InnoDB CHARACTER SET utf8;
success!
timestamp: 2013-10-17T16:04:57.379000
CREATE TABLE user_type(
    id INT AUTO_INCREMENT NOT NULL,
    user_type_desc VARCHAR(50),
    PRIMARY KEY(id)
) ENGINE=InnoDB CHARACTER SET utf8;
success!
timestamp: 2013-10-17T16:04:57.439000
CREATE TABLE auth_user(
    id INT AUTO_INCREMENT NOT NULL,
    first_name VARCHAR(128),
    last_name VARCHAR(128),
    email VARCHAR(255),
    password VARCHAR(255),
    registration_key VARCHAR(255),
    reset_password_key VARCHAR(255),
    registration_id VARCHAR(255),
    school_id INT, INDEX school_id__idx (school_id), FOREIGN KEY (school_id) REFERENCES school_bs (id) ON DELETE CASCADE,
    user_type INT, INDEX user_type__idx (user_type), FOREIGN KEY (user_type) REFERENCES user_type (id) ON DELETE CASCADE,
    zip VARCHAR(255),
    phone VARCHAR(255),
    PRIMARY KEY(id)
) ENGINE=InnoDB CHARACTER SET utf8;
success!
timestamp: 2013-10-17T16:04:57.487000
CREATE TABLE auth_group(
    id INT AUTO_INCREMENT NOT NULL,
    role VARCHAR(255),
    description LONGTEXT,
    PRIMARY KEY(id)
) ENGINE=InnoDB CHARACTER SET utf8;
success!
timestamp: 2013-10-17T16:04:57.544000
CREATE TABLE auth_membership(
    id INT AUTO_INCREMENT NOT NULL,
    user_id INT, INDEX user_id__idx (user_id), FOREIGN KEY (user_id) REFERENCES auth_user (id) ON DELETE CASCADE,
    group_id INT, INDEX group_id__idx (group_id), FOREIGN KEY (group_id) REFERENCES auth_group (id) ON DELETE CASCADE,
    PRIMARY KEY(id)
) ENGINE=InnoDB CHARACTER SET utf8;
success!
timestamp: 2013-10-17T16:04:57.605000
CREATE TABLE auth_permission(
    id INT AUTO_INCREMENT NOT NULL,
    group_id INT, INDEX group_id__idx (group_id), FOREIGN KEY (group_id) REFERENCES auth_group (id) ON DELETE CASCADE,
    name VARCHAR(255),
    table_name VARCHAR(255),
    record_id INT,
    PRIMARY KEY(id)
) ENGINE=InnoDB CHARACTER SET utf8;
success!
timestamp: 2013-10-17T16:04:57.661000
CREATE TABLE auth_event(
    id INT AUTO_INCREMENT NOT NULL,
    time_stamp DATETIME,
    client_ip VARCHAR(255),
    user_id INT, INDEX user_id__idx (user_id), FOREIGN KEY (user_id) REFERENCES auth_user (id) ON DELETE CASCADE,
    origin VARCHAR(255),
    description LONGTEXT,
    PRIMARY KEY(id)
) ENGINE=InnoDB CHARACTER SET utf8;
success!
timestamp: 2013-10-17T16:04:57.714000
CREATE TABLE auth_cas(
    id INT AUTO_INCREMENT NOT NULL,
    user_id INT, INDEX user_id__idx (user_id), FOREIGN KEY (user_id) REFERENCES auth_user (id) ON DELETE CASCADE,
    created_on DATETIME,
    service VARCHAR(255),
    ticket VARCHAR(255),
    renew CHAR(1),
    PRIMARY KEY(id)
) ENGINE=InnoDB CHARACTER SET utf8;
success!
timestamp: 2013-10-17T16:04:57.763000
CREATE TABLE teacher_tbl(
    id INT AUTO_INCREMENT NOT NULL,
    user_id INT, INDEX user_id__idx (user_id), FOREIGN KEY (user_id) REFERENCES auth_user (id) ON DELETE CASCADE,
    school_id INT, INDEX school_id__idx (school_id), FOREIGN KEY (school_id) REFERENCES school_bs (id) ON DELETE CASCADE,
    teacher_desc VARCHAR(255),
    PRIMARY KEY(id)
) ENGINE=InnoDB CHARACTER SET utf8;
success!
timestamp: 2013-10-17T16:04:57.816000
CREATE TABLE class_tbl(
    id INT AUTO_INCREMENT NOT NULL,
    school_id INT, INDEX school_id__idx (school_id), FOREIGN KEY (school_id) REFERENCES school_bs (id) ON DELETE CASCADE,
    class_id INT, INDEX class_id__idx (class_id), FOREIGN KEY (class_id) REFERENCES class_bs (id) ON DELETE CASCADE,
    class_nm VARCHAR(255),
    PRIMARY KEY(id)
) ENGINE=InnoDB CHARACTER SET utf8;
success!
timestamp: 2013-10-17T16:04:57.876000
CREATE TABLE section_tbl(
    id INT AUTO_INCREMENT NOT NULL,
    class_id INT, INDEX class_id__idx (class_id), FOREIGN KEY (class_id) REFERENCES class_tbl (id) ON DELETE CASCADE,
    section_id INT, INDEX section_id__idx (section_id), FOREIGN KEY (section_id) REFERENCES section_bs (id) ON DELETE CASCADE,
    section_nm VARCHAR(255),
    class_teacher_id INT, INDEX class_teacher_id__idx (class_teacher_id), FOREIGN KEY (class_teacher_id) REFERENCES teacher_tbl (id) ON DELETE CASCADE,
    PRIMARY KEY(id)
) ENGINE=InnoDB CHARACTER SET utf8;
success!
timestamp: 2013-10-17T16:04:57.933000
CREATE TABLE student(
    id INT AUTO_INCREMENT NOT NULL,
    user_id INT, INDEX user_id__idx (user_id), FOREIGN KEY (user_id) REFERENCES auth_user (id) ON DELETE CASCADE,
    section_id INT, INDEX section_id__idx (section_id), FOREIGN KEY (section_id) REFERENCES section_tbl (id) ON DELETE CASCADE,
    PRIMARY KEY(id)
) ENGINE=InnoDB CHARACTER SET utf8;
success!
timestamp: 2013-10-19T12:39:52.870000
CREATE TABLE attendance(
    id INT AUTO_INCREMENT NOT NULL,
    school_id INT, INDEX school_id__idx (school_id), FOREIGN KEY (school_id) REFERENCES school_bs (id) ON DELETE CASCADE,
    working_day DATE,
    AbsenteesList LONGTEXT,
    PRIMARY KEY(id)
) ENGINE=InnoDB CHARACTER SET utf8;
success!
timestamp: 2013-10-19T16:47:57.403000
CREATE TABLE holiday(
    id INT AUTO_INCREMENT NOT NULL,
    school_id INT, INDEX school_id__idx (school_id), FOREIGN KEY (school_id) REFERENCES school_bs (id) ON DELETE CASCADE,
    holiday DATE,
    PRIMARY KEY(id)
) ENGINE=InnoDB CHARACTER SET utf8;
success!
timestamp: 2013-10-19T16:50:42.385000
ALTER TABLE holiday ADD description VARCHAR(255);
success!
